#
# There is insufficient memory for the Java Runtime Environment to continue.
# Native memory allocation (mmap) failed to map 677380096 bytes for committing reserved memory.
# Possible reasons:
#   The system is out of physical RAM or swap space
#   The process is running with CompressedOops enabled, and the Java Heap may be blocking the growth of the native heap
# Possible solutions:
#   Reduce memory load on the system
#   Increase physical memory or swap space
#   Check if swap backing store is full
#   Decrease Java heap size (-Xmx/-Xms)
#   Decrease number of Java threads
#   Decrease Java thread stack sizes (-Xss)
#   Set larger code cache with -XX:ReservedCodeCacheSize=
#   JVM is running with Unscaled Compressed Oops mode in which the Java heap is
#     placed in the first 4GB address space. The Java Heap base address is the
#     maximum limit for the native heap growth. Please use -XX:HeapBaseMinAddress
#     to set the Java Heap base and to place the Java Heap above 4GB virtual address.
# This output file may be truncated or incomplete.
#
#  Out of Memory Error (os_linux.cpp:2647), pid=30433, tid=30448
#
# JRE version: Java(TM) SE Runtime Environment (9.0+11) (build 9.0.1+11)
# Java VM: Java HotSpot(TM) 64-Bit Server VM (9.0.1+11, mixed mode, tiered, compressed oops, g1 gc, linux-amd64)
# Core dump will be written. Default location: Core dumps may be processed with "/usr/share/apport/apport %p %s %c %d %P" (or dumping to /home/support/workspace/recruiterbot/core.30433)
#

---------------  S U M M A R Y ------------

Command Line: -Dfile.encoding=UTF-8 com.vflux.rbot.RecruiterbotApplication

Host: Intel(R) Core(TM) i5-6300HQ CPU @ 2.30GHz, 2 cores, 7G, Ubuntu 16.04.1 LTS
Time: Sat Feb 24 21:40:16 2018 PST elapsed time: 29 seconds (0d 0h 0m 29s)

---------------  T H R E A D  ---------------

Current thread (0x00007f53b0130000):  VMThread "VM Thread" [stack: 0x00007f537c0c0000,0x00007f537c1c0000] [id=30448]

Stack: [0x00007f537c0c0000,0x00007f537c1c0000],  sp=0x00007f537c1be070,  free space=1016k
Native frames: (J=compiled Java code, A=aot compiled Java code, j=interpreted, Vv=VM code, C=native code)
V  [libjvm.so+0xd4c1e2]  VMError::report_and_die(int, char const*, char const*, __va_list_tag*, Thread*, unsigned char*, void*, void*, char const*, int, unsigned long)+0x162
V  [libjvm.so+0xd4ce4b]  VMError::report_and_die(Thread*, char const*, int, unsigned long, VMErrorType, char const*, __va_list_tag*)+0x2b
V  [libjvm.so+0x6548f8]  report_vm_out_of_memory(char const*, int, unsigned long, VMErrorType, char const*, ...)+0xd8
V  [libjvm.so+0xb67f21]  os::pd_commit_memory_or_exit(char*, unsigned long, unsigned long, bool, char const*)+0x101
V  [libjvm.so+0xb625ad]  os::commit_memory_or_exit(char*, unsigned long, unsigned long, bool, char const*)+0x1d
V  [libjvm.so+0x7632a2]  G1PageBasedVirtualSpace::commit_preferred_pages(unsigned long, unsigned long)+0x62
V  [libjvm.so+0x7635be]  G1PageBasedVirtualSpace::commit(unsigned long, unsigned long)+0x11e
V  [libjvm.so+0x766523]  G1RegionsLargerThanCommitSizeMapper::commit_regions(unsigned int, unsigned long, WorkGang*)+0x43
V  [libjvm.so+0x7f741c]  HeapRegionManager::commit_regions(unsigned int, unsigned long, WorkGang*)+0x7c
V  [libjvm.so+0x7f7fe4]  HeapRegionManager::make_regions_available(unsigned int, unsigned int, WorkGang*)+0x34
V  [libjvm.so+0x7f8501]  HeapRegionManager::expand_by(unsigned int, WorkGang*)+0x71
V  [libjvm.so+0x729897]  G1CollectedHeap::expand(unsigned long, WorkGang*, double*)+0xd7
V  [libjvm.so+0x7307da]  G1CollectedHeap::do_collection_pause_at_safepoint(double)+0x104a
V  [libjvm.so+0xd5dfe2]  VM_G1IncCollectionPause::doit()+0x82
V  [libjvm.so+0xd5d019]  VM_Operation::evaluate()+0x59
V  [libjvm.so+0xd5ad63]  VMThread::evaluate_operation(VM_Operation*)+0xc3
V  [libjvm.so+0xd5b2d0]  VMThread::loop()+0x210
V  [libjvm.so+0xd5b7e2]  VMThread::run()+0x72
V  [libjvm.so+0xb6de12]  thread_native_entry(Thread*)+0xf2

VM_Operation (0x00007f53b8248940): G1IncCollectionPause, mode: safepoint, requested by thread 0x00007f53b0017000


---------------  P R O C E S S  ---------------

Java Threads: ( => current thread )
  0x00007f53b09c5000 JavaThread "container-0" [_thread_blocked, id=30479, stack(0x00007f53530fd000,0x00007f53531fe000)]
  0x00007f53b09c2800 JavaThread "ContainerBackgroundProcessor[StandardEngine[Tomcat]]" daemon [_thread_blocked, id=30478, stack(0x00007f53531fe000,0x00007f53532ff000)]
  0x00007f5368003000 JavaThread "localhost-startStop-1" daemon [_thread_blocked, id=30477, stack(0x00007f5353cff000,0x00007f5353e00000)]
  0x00007f53b0edb800 JavaThread "Tomcat-startStop-1" daemon [_thread_blocked, id=30476, stack(0x00007f53744ed000,0x00007f53745ee000)]
  0x00007f53b0222800 JavaThread "Service Thread" daemon [_thread_blocked, id=30456, stack(0x00007f53750f8000,0x00007f53751f9000)]
  0x00007f53b019f800 JavaThread "Common-Cleaner" daemon [_thread_blocked, id=30455, stack(0x00007f53751f9000,0x00007f53752fa000)]
  0x00007f53b0162800 JavaThread "Sweeper thread" daemon [_thread_blocked, id=30454, stack(0x00007f5375722000,0x00007f5375823000)]
  0x00007f53b0160800 JavaThread "C1 CompilerThread1" daemon [_thread_blocked, id=30453, stack(0x00007f5375823000,0x00007f5375924000)]
  0x00007f53b015e800 JavaThread "C2 CompilerThread0" daemon [_thread_blocked, id=30452, stack(0x00007f5375924000,0x00007f5375a25000)]
  0x00007f53b015c800 JavaThread "Signal Dispatcher" daemon [_thread_blocked, id=30451, stack(0x00007f5375a25000,0x00007f5375b26000)]
  0x00007f53b0142000 JavaThread "Finalizer" daemon [_thread_blocked, id=30450, stack(0x00007f5375dfe000,0x00007f5375eff000)]
  0x00007f53b0139800 JavaThread "Reference Handler" daemon [_thread_blocked, id=30449, stack(0x00007f5375eff000,0x00007f5376000000)]
  0x00007f53b0017000 JavaThread "main" [_thread_blocked, id=30439, stack(0x00007f53b814d000,0x00007f53b824d000)]

Other Threads:
=>0x00007f53b0130000 VMThread "VM Thread" [stack: 0x00007f537c0c0000,0x00007f537c1c0000] [id=30448]
  0x00007f53b01ce000 WatcherThread [stack: 0x00007f5374ff8000,0x00007f53750f8000] [id=30457]
  0x00007f53b002e000 GCTaskThread "GC Thread#0" [stack: 0x00007f53b4817000,0x00007f53b4917000] [id=30441]
  0x00007f53b002f800 GCTaskThread "GC Thread#1" [stack: 0x00007f53b4716000,0x00007f53b4816000] [id=30442]
  0x00007f53b005b000 ConcurrentGCThread "G1 Main Marker" [stack: 0x00007f53b4110000,0x00007f53b4210000] [id=30446]
  0x00007f53b005c800 ConcurrentGCThread "G1 Marker#0" [stack: 0x00007f53b400f000,0x00007f53b410f000] [id=30447]
  0x00007f53b0033800 ConcurrentGCThread "G1 Refine#0" [stack: 0x00007f53b4312000,0x00007f53b4412000] [id=30444]
  0x00007f53b0031800 ConcurrentGCThread "G1 Refine#1" [stack: 0x00007f53b4413000,0x00007f53b4513000] [id=30443]
  0x00007f53b0035000 ConcurrentGCThread "G1 Young RemSet Sampling" [stack: 0x00007f53b4211000,0x00007f53b4311000] [id=30445]

Threads with active compile tasks:
C2 CompilerThread03747       4       java.util.TreeMap::put (247 bytes)

VM state:at safepoint (normal execution)

VM Mutex/Monitor currently owned by a thread:  ([mutex/lock_event])
[0x00007f53b0013320] Threads_lock - owner thread: 0x00007f53b0130000
[0x00007f53b00138c0] Heap_lock - owner thread: 0x00007f53b0017000

Heap address: 0x0000000083800000, size: 1992 MB, Compressed Oops mode: 32-bit
Narrow klass base: 0x0000000000000000, Narrow klass shift: 3
Compressed class space size: 1073741824 Address: 0x0000000100000000

Heap:
 garbage-first heap   total 1048576K, used 29716K [0x0000000083800000, 0x0000000083902000, 0x0000000100000000)
  region size 1024K, 3 young (3072K), 3 survivors (3072K)
 Metaspace       used 37230K, capacity 38364K, committed 38476K, reserved 1083392K
  class space    used 4190K, capacity 4400K, committed 4428K, reserved 1048576K
Heap Regions: E=young(eden), S=young(survivor), O=old, HS=humongous(starts), HC=humongous(continues), CS=collection set, F=free, A=archive, TS=gc time stamp, AC=allocation context, TAMS=top-at-mark-start (previous, next)
|   0|0x0000000083800000, 0x0000000083900000, 0x0000000083900000|100%| O|  |TS  0|AC  0|TAMS 0x0000000083900000, 0x0000000083900000|
|   1|0x0000000083900000, 0x0000000083a00000, 0x0000000083a00000|100%| O|  |TS  0|AC  0|TAMS 0x0000000083a00000, 0x0000000083a00000|
|   2|0x0000000083a00000, 0x0000000083b00000, 0x0000000083b00000|100%| O|  |TS  0|AC  0|TAMS 0x0000000083b00000, 0x0000000083b00000|
|   3|0x0000000083b00000, 0x0000000083c00000, 0x0000000083c00000|100%| O|  |TS  0|AC  0|TAMS 0x0000000083c00000, 0x0000000083c00000|
|   4|0x0000000083c00000, 0x0000000083d00000, 0x0000000083d00000|100%| O|  |TS  0|AC  0|TAMS 0x0000000083d00000, 0x0000000083d00000|
|   5|0x0000000083d00000, 0x0000000083e00000, 0x0000000083e00000|100%| O|  |TS  0|AC  0|TAMS 0x0000000083e00000, 0x0000000083e00000|
|   6|0x0000000083e00000, 0x0000000083f00000, 0x0000000083f00000|100%| O|  |TS  0|AC  0|TAMS 0x0000000083f00000, 0x0000000083f00000|
|   7|0x0000000083f00000, 0x0000000084000000, 0x0000000084000000|100%| O|  |TS  0|AC  0|TAMS 0x0000000084000000, 0x0000000084000000|
|   8|0x0000000084000000, 0x0000000084100000, 0x0000000084100000|100%| O|  |TS  0|AC  0|TAMS 0x0000000084100000, 0x0000000084100000|
|   9|0x0000000084100000, 0x0000000084200000, 0x0000000084200000|100%| O|  |TS  0|AC  0|TAMS 0x0000000084200000, 0x0000000084200000|
|  10|0x0000000084200000, 0x0000000084300000, 0x0000000084300000|100%| O|  |TS  0|AC  0|TAMS 0x0000000084300000, 0x0000000084300000|
|  11|0x0000000084300000, 0x0000000084400000, 0x0000000084400000|100%| O|  |TS  0|AC  0|TAMS 0x0000000084400000, 0x0000000084400000|
|  12|0x0000000084400000, 0x0000000084500000, 0x0000000084500000|100%| O|  |TS  0|AC  0|TAMS 0x00000000844e1000, 0x00000000844e1000|
|  13|0x0000000084500000, 0x0000000084600000, 0x0000000084600000|100%| O|  |TS  0|AC  0|TAMS 0x0000000084500000, 0x0000000084500000|
|  14|0x0000000084600000, 0x0000000084700000, 0x0000000084700000|100%| O|  |TS  0|AC  0|TAMS 0x0000000084600000, 0x0000000084600000|
|  15|0x0000000084700000, 0x0000000084800000, 0x0000000084800000|100%| O|  |TS  0|AC  0|TAMS 0x0000000084700000, 0x0000000084700000|
|  16|0x0000000084800000, 0x0000000084900000, 0x0000000084900000|100%| O|  |TS  0|AC  0|TAMS 0x0000000084800000, 0x0000000084800000|
|  17|0x0000000084900000, 0x0000000084a00000, 0x0000000084a00000|100%| O|  |TS  0|AC  0|TAMS 0x0000000084900000, 0x0000000084900000|
|  18|0x0000000084a00000, 0x0000000084b00000, 0x0000000084b00000|100%| O|  |TS  0|AC  0|TAMS 0x0000000084a00000, 0x0000000084a00000|
|  19|0x0000000084b00000, 0x0000000084c00000, 0x0000000084c00000|100%| O|  |TS  0|AC  0|TAMS 0x0000000084b00000, 0x0000000084b00000|
|  20|0x0000000084c00000, 0x0000000084d00000, 0x0000000084d00000|100%| O|  |TS  0|AC  0|TAMS 0x0000000084c00000, 0x0000000084c00000|
|  21|0x0000000084d00000, 0x0000000084e00000, 0x0000000084e00000|100%| O|  |TS  0|AC  0|TAMS 0x0000000084d00000, 0x0000000084d00000|
|  22|0x0000000084e00000, 0x0000000084f00000, 0x0000000084f00000|100%| O|  |TS  0|AC  0|TAMS 0x0000000084e00000, 0x0000000084e00000|
|  23|0x0000000084f00000, 0x0000000085000000, 0x0000000085000000|100%| O|  |TS  0|AC  0|TAMS 0x0000000084f00000, 0x0000000084f00000|
|  24|0x0000000085000000, 0x0000000085100000, 0x0000000085100000|100%| O|  |TS  0|AC  0|TAMS 0x0000000085000000, 0x0000000085000000|
|  25|0x0000000085100000, 0x0000000085200000, 0x0000000085200000|100%| O|  |TS  0|AC  0|TAMS 0x0000000085100000, 0x0000000085100000|
|  26|0x0000000085200000, 0x00000000852b1000, 0x0000000085300000| 69%| O|  |TS  1|AC  0|TAMS 0x0000000085200000, 0x0000000085200000|
|  27|0x0000000085300000, 0x0000000085300000, 0x0000000085400000|  0%| F|  |TS  0|AC  0|TAMS 0x0000000085300000, 0x0000000085300000|
|  28|0x0000000085400000, 0x0000000085400000, 0x0000000085500000|  0%| F|  |TS  0|AC  0|TAMS 0x0000000085400000, 0x0000000085400000|
|  29|0x0000000085500000, 0x0000000085500000, 0x0000000085600000|  0%| F|  |TS  0|AC  0|TAMS 0x0000000085500000, 0x0000000085500000|
|  30|0x0000000085600000, 0x0000000085600000, 0x0000000085700000|  0%| F|  |TS  0|AC  0|TAMS 0x0000000085600000, 0x0000000085600000|
|  31|0x0000000085700000, 0x0000000085700000, 0x0000000085800000|  0%| F|  |TS  0|AC  0|TAMS 0x0000000085700000, 0x0000000085700000|
|  32|0x0000000085800000, 0x0000000085800000, 0x0000000085900000|  0%| F|  |TS  0|AC  0|TAMS 0x0000000085800000, 0x0000000085800000|
|  33|0x0000000085900000, 0x0000000085900000, 0x0000000085a00000|  0%| F|  |TS  0|AC  0|TAMS 0x0000000085900000, 0x0000000085900000|
|  34|0x0000000085a00000, 0x0000000085a00000, 0x0000000085b00000|  0%| F|  |TS  0|AC  0|TAMS 0x0000000085a00000, 0x0000000085a00000|
|  35|0x0000000085b00000, 0x0000000085b00000, 0x0000000085c00000|  0%| F|  |TS  0|AC  0|TAMS 0x0000000085b00000, 0x0000000085b00000|
|  36|0x0000000085c00000, 0x0000000085c00000, 0x0000000085d00000|  0%| F|  |TS  0|AC  0|TAMS 0x0000000085c00000, 0x0000000085c00000|
|  37|0x0000000085d00000, 0x0000000085d00000, 0x0000000085e00000|  0%| F|  |TS  0|AC  0|TAMS 0x0000000085d00000, 0x0000000085d00000|
|  38|0x0000000085e00000, 0x0000000085e00000, 0x0000000085f00000|  0%| F|  |TS  0|AC  0|TAMS 0x0000000085e00000, 0x0000000085e00000|
|  39|0x0000000085f00000, 0x0000000085f00000, 0x0000000086000000|  0%| F|  |TS  0|AC  0|TAMS 0x0000000085f00000, 0x0000000085f00000|
|  40|0x0000000086000000, 0x0000000086000000, 0x0000000086100000|  0%| F|  |TS  0|AC  0|TAMS 0x0000000086000000, 0x0000000086000000|
|  41|0x0000000086100000, 0x0000000086100000, 0x0000000086200000|  0%| F|  |TS  0|AC  0|TAMS 0x0000000086100000, 0x0000000086100000|
|  42|0x0000000086200000, 0x0000000086200000, 0x0000000086300000|  0%| F|  |TS  0|AC  0|TAMS 0x0000000086200000, 0x0000000086200000|
|  43|0x0000000086300000, 0x0000000086300000, 0x0000000086400000|  0%| F|  |TS  0|AC  0|TAMS 0x0000000086300000, 0x0000000086300000|
|  44|0x0000000086400000, 0x0000000086400000, 0x0000000086500000|  0%| F|  |TS  0|AC  0|TAMS 0x0000000086400000, 0x0000000086400000|
|  45|0x0000000086500000, 0x0000000086500000, 0x0000000086600000|  0%| F|  |TS  0|AC  0|TAMS 0x0000000086500000, 0x0000000086500000|
|  46|0x0000000086600000, 0x0000000086600000, 0x0000000086700000|  0%| F|  |TS  0|AC  0|TAMS 0x0000000086600000, 0x0000000086600000|
|  47|0x0000000086700000, 0x0000000086700000, 0x0000000086800000|  0%| F|  |TS  0|AC  0|TAMS 0x0000000086700000, 0x0000000086700000|
|  48|0x0000000086800000, 0x0000000086800000, 0x0000000086900000|  0%| F|  |TS  0|AC  0|TAMS 0x0000000086800000, 0x0000000086800000|
|  49|0x0000000086900000, 0x0000000086900000, 0x0000000086a00000|  0%| F|  |TS  0|AC  0|TAMS 0x0000000086900000, 0x0000000086900000|
|  50|0x0000000086a00000, 0x0000000086a00000, 0x0000000086b00000|  0%| F|  |TS  0|AC  0|TAMS 0x0000000086a00000, 0x0000000086a00000|
|  51|0x0000000086b00000, 0x0000000086b00000, 0x0000000086c00000|  0%| F|  |TS  0|AC  0|TAMS 0x0000000086b00000, 0x0000000086b00000|
|  52|0x0000000086c00000, 0x0000000086c00000, 0x0000000086d00000|  0%| F|  |TS  0|AC  0|TAMS 0x0000000086c00000, 0x0000000086c00000|
|  53|0x0000000086d00000, 0x0000000086d00000, 0x0000000086e00000|  0%| F|  |TS  0|AC  0|TAMS 0x0000000086d00000, 0x0000000086d00000|
|  54|0x0000000086e00000, 0x0000000086e00000, 0x0000000086f00000|  0%| F|  |TS  0|AC  0|TAMS 0x0000000086e00000, 0x0000000086e00000|
|  55|0x0000000086f00000, 0x0000000086f00000, 0x0000000087000000|  0%| F|  |TS  0|AC  0|TAMS 0x0000000086f00000, 0x0000000086f00000|
|  56|0x0000000087000000, 0x0000000087000000, 0x0000000087100000|  0%| F|  |TS  0|AC  0|TAMS 0x0000000087000000, 0x0000000087000000|
|  57|0x0000000087100000, 0x0000000087100000, 0x0000000087200000|  0%| F|  |TS  0|AC  0|TAMS 0x0000000087100000, 0x0000000087100000|
|  58|0x0000000087200000, 0x0000000087200000, 0x0000000087300000|  0%| F|  |TS  0|AC  0|TAMS 0x0000000087200000, 0x0000000087200000|
|  59|0x0000000087300000, 0x0000000087300000, 0x0000000087400000|  0%| F|  |TS  0|AC  0|TAMS 0x0000000087300000, 0x0000000087300000|
|  60|0x0000000087400000, 0x0000000087400000, 0x0000000087500000|  0%| F|  |TS  0|AC  0|TAMS 0x0000000087400000, 0x0000000087400000|
|  61|0x0000000087500000, 0x0000000087500000, 0x0000000087600000|  0%| F|  |TS  0|AC  0|TAMS 0x0000000087500000, 0x0000000087500000|
|  62|0x0000000087600000, 0x0000000087600000, 0x0000000087700000|  0%| F|  |TS  0|AC  0|TAMS 0x0000000087600000, 0x0000000087600000|
|  63|0x0000000087700000, 0x0000000087700000, 0x0000000087800000|  0%| F|  |TS  0|AC  0|TAMS 0x0000000087700000, 0x0000000087700000|
|  64|0x0000000087800000, 0x0000000087800000, 0x0000000087900000|  0%| F|  |TS  0|AC  0|TAMS 0x0000000087800000, 0x0000000087800000|
|  65|0x0000000087900000, 0x0000000087900000, 0x0000000087a00000|  0%| F|  |TS  0|AC  0|TAMS 0x0000000087900000, 0x0000000087900000|
|  66|0x0000000087a00000, 0x0000000087a00000, 0x0000000087b00000|  0%| F|  |TS  0|AC  0|TAMS 0x0000000087a00000, 0x0000000087a00000|
|  67|0x0000000087b00000, 0x0000000087b00000, 0x0000000087c00000|  0%| F|  |TS  0|AC  0|TAMS 0x0000000087b00000, 0x0000000087b00000|
|  68|0x0000000087c00000, 0x0000000087c00000, 0x0000000087d00000|  0%| F|  |TS  0|AC  0|TAMS 0x0000000087c00000, 0x0000000087c00000|
|  69|0x0000000087d00000, 0x0000000087d00000, 0x0000000087e00000|  0%| F|  |TS  0|AC  0|TAMS 0x0000000087d00000, 0x0000000087d00000|
|  70|0x0000000087e00000, 0x0000000087e00000, 0x0000000087f00000|  0%| F|  |TS  0|AC  0|TAMS 0x0000000087e00000, 0x0000000087e00000|
|  71|0x0000000087f00000, 0x0000000087f00000, 0x0000000088000000|  0%| F|  |TS  0|AC  0|TAMS 0x0000000087f00000, 0x0000000087f00000|
|  72|0x0000000088000000, 0x0000000088000000, 0x0000000088100000|  0%| F|  |TS  0|AC  0|TAMS 0x0000000088000000, 0x0000000088000000|
|  73|0x0000000088100000, 0x0000000088100000, 0x0000000088200000|  0%| F|  |TS  0|AC  0|TAMS 0x0000000088100000, 0x0000000088100000|
|  74|0x0000000088200000, 0x0000000088200000, 0x0000000088300000|  0%| F|  |TS  0|AC  0|TAMS 0x0000000088200000, 0x0000000088200000|
|  75|0x0000000088300000, 0x0000000088300000, 0x0000000088400000|  0%| F|  |TS  0|AC  0|TAMS 0x0000000088300000, 0x0000000088300000|
|  76|0x0000000088400000, 0x0000000088400000, 0x0000000088500000|  0%| F|  |TS  0|AC  0|TAMS 0x0000000088400000, 0x0000000088400000|
|  77|0x0000000088500000, 0x0000000088500000, 0x0000000088600000|  0%| F|  |TS  0|AC  0|TAMS 0x0000000088500000, 0x0000000088500000|
|  78|0x0000000088600000, 0x0000000088600000, 0x0000000088700000|  0%| F|  |TS  0|AC  0|TAMS 0x0000000088600000, 0x0000000088600000|
|  79|0x0000000088700000, 0x0000000088700000, 0x0000000088800000|  0%| F|  |TS  0|AC  0|TAMS 0x0000000088700000, 0x0000000088700000|
|  80|0x0000000088800000, 0x0000000088800000, 0x0000000088900000|  0%| F|  |TS  0|AC  0|TAMS 0x0000000088800000, 0x0000000088800000|
|  81|0x0000000088900000, 0x0000000088900000, 0x0000000088a00000|  0%| F|  |TS  0|AC  0|TAMS 0x0000000088900000, 0x0000000088900000|
|  82|0x0000000088a00000, 0x0000000088a00000, 0x0000000088b00000|  0%| F|  |TS  0|AC  0|TAMS 0x0000000088a00000, 0x0000000088a00000|
|  83|0x0000000088b00000, 0x0000000088b00000, 0x0000000088c00000|  0%| F|  |TS  0|AC  0|TAMS 0x0000000088b00000, 0x0000000088b00000|
|  84|0x0000000088c00000, 0x0000000088c00000, 0x0000000088d00000|  0%| F|  |TS  0|AC  0|TAMS 0x0000000088c00000, 0x0000000088c00000|
|  85|0x0000000088d00000, 0x0000000088d00000, 0x0000000088e00000|  0%| F|  |TS  0|AC  0|TAMS 0x0000000088d00000, 0x0000000088d00000|
|  86|0x0000000088e00000, 0x0000000088e00000, 0x0000000088f00000|  0%| F|  |TS  0|AC  0|TAMS 0x0000000088e00000, 0x0000000088e00000|
|  87|0x0000000088f00000, 0x0000000088f00000, 0x0000000089000000|  0%| F|  |TS  0|AC  0|TAMS 0x0000000088f00000, 0x0000000088f00000|
|  88|0x0000000089000000, 0x0000000089000000, 0x0000000089100000|  0%| F|  |TS  0|AC  0|TAMS 0x0000000089000000, 0x0000000089000000|
|  89|0x0000000089100000, 0x0000000089100000, 0x0000000089200000|  0%| F|  |TS  0|AC  0|TAMS 0x0000000089100000, 0x0000000089100000|
|  90|0x0000000089200000, 0x0000000089200000, 0x0000000089300000|  0%| F|  |TS  0|AC  0|TAMS 0x0000000089200000, 0x0000000089200000|
|  91|0x0000000089300000, 0x0000000089300000, 0x0000000089400000|  0%| F|  |TS  0|AC  0|TAMS 0x0000000089300000, 0x0000000089300000|
|  92|0x0000000089400000, 0x0000000089400000, 0x0000000089500000|  0%| F|  |TS  0|AC  0|TAMS 0x0000000089400000, 0x0000000089400000|
|  93|0x0000000089500000, 0x0000000089500000, 0x0000000089600000|  0%| F|  |TS  0|AC  0|TAMS 0x0000000089500000, 0x0000000089500000|
|  94|0x0000000089600000, 0x0000000089600000, 0x0000000089700000|  0%| F|  |TS  0|AC  0|TAMS 0x0000000089600000, 0x0000000089600000|
|  95|0x0000000089700000, 0x0000000089700000, 0x0000000089800000|  0%| F|  |TS  0|AC  0|TAMS 0x0000000089700000, 0x0000000089700000|
|  96|0x0000000089800000, 0x0000000089800000, 0x0000000089900000|  0%| F|  |TS  0|AC  0|TAMS 0x0000000089800000, 0x0000000089800000|
|  97|0x0000000089900000, 0x0000000089900000, 0x0000000089a00000|  0%| F|  |TS  0|AC  0|TAMS 0x0000000089900000, 0x0000000089900000|
|  98|0x0000000089a00000, 0x0000000089a00000, 0x0000000089b00000|  0%| F|  |TS  0|AC  0|TAMS 0x0000000089a00000, 0x0000000089a00000|
|  99|0x0000000089b00000, 0x0000000089b00000, 0x0000000089c00000|  0%| F|  |TS  0|AC  0|TAMS 0x0000000089b00000, 0x0000000089b00000|
| 100|0x0000000089c00000, 0x0000000089c00000, 0x0000000089d00000|  0%| F|  |TS  0|AC  0|TAMS 0x0000000089c00000, 0x0000000089c00000|
| 101|0x0000000089d00000, 0x0000000089d00000, 0x0000000089e00000|  0%| F|  |TS  0|AC  0|TAMS 0x0000000089d00000, 0x0000000089d00000|
| 102|0x0000000089e00000, 0x0000000089e00000, 0x0000000089f00000|  0%| F|  |TS  0|AC  0|TAMS 0x0000000089e00000, 0x0000000089e00000|
| 103|0x0000000089f00000, 0x0000000089f00000, 0x000000008a000000|  0%| F|  |TS  0|AC  0|TAMS 0x0000000089f00000, 0x0000000089f00000|
| 104|0x000000008a000000, 0x000000008a000000, 0x000000008a100000|  0%| F|  |TS  0|AC  0|TAMS 0x000000008a000000, 0x000000008a000000|
| 105|0x000000008a100000, 0x000000008a100000, 0x000000008a200000|  0%| F|  |TS  0|AC  0|TAMS 0x000000008a100000, 0x000000008a100000|
| 106|0x000000008a200000, 0x000000008a200000, 0x000000008a300000|  0%| F|  |TS  0|AC  0|TAMS 0x000000008a200000, 0x000000008a200000|
| 107|0x000000008a300000, 0x000000008a300000, 0x000000008a400000|  0%| F|  |TS  0|AC  0|TAMS 0x000000008a300000, 0x000000008a300000|
| 108|0x000000008a400000, 0x000000008a400000, 0x000000008a500000|  0%| F|  |TS  0|AC  0|TAMS 0x000000008a400000, 0x000000008a400000|
| 109|0x000000008a500000, 0x000000008a500000, 0x000000008a600000|  0%| F|  |TS  0|AC  0|TAMS 0x000000008a500000, 0x000000008a500000|
| 110|0x000000008a600000, 0x000000008a600000, 0x000000008a700000|  0%| F|  |TS  0|AC  0|TAMS 0x000000008a600000, 0x000000008a600000|
| 111|0x000000008a700000, 0x000000008a700000, 0x000000008a800000|  0%| F|  |TS  0|AC  0|TAMS 0x000000008a700000, 0x000000008a700000|
| 112|0x000000008a800000, 0x000000008a800000, 0x000000008a900000|  0%| F|  |TS  0|AC  0|TAMS 0x000000008a800000, 0x000000008a800000|
| 113|0x000000008a900000, 0x000000008a900000, 0x000000008aa00000|  0%| F|  |TS  0|AC  0|TAMS 0x000000008a900000, 0x000000008a900000|
| 114|0x000000008aa00000, 0x000000008aa00000, 0x000000008ab00000|  0%| F|  |TS  0|AC  0|TAMS 0x000000008aa00000, 0x000000008aa00000|
| 115|0x000000008ab00000, 0x000000008ab00000, 0x000000008ac00000|  0%| F|  |TS  0|AC  0|TAMS 0x000000008ab00000, 0x000000008ab00000|
| 116|0x000000008ac00000, 0x000000008ac00000, 0x000000008ad00000|  0%| F|  |TS  0|AC  0|TAMS 0x000000008ac00000, 0x000000008ac00000|
| 117|0x000000008ad00000, 0x000000008ad00000, 0x000000008ae00000|  0%| F|  |TS  0|AC  0|TAMS 0x000000008ad00000, 0x000000008ad00000|
| 118|0x000000008ae00000, 0x000000008ae00000, 0x000000008af00000|  0%| F|  |TS  0|AC  0|TAMS 0x000000008ae00000, 0x000000008ae00000|
| 119|0x000000008af00000, 0x000000008af00000, 0x000000008b000000|  0%| F|  |TS  0|AC  0|TAMS 0x000000008af00000, 0x000000008af00000|
| 120|0x000000008b000000, 0x000000008b000000, 0x000000008b100000|  0%| F|  |TS  0|AC  0|TAMS 0x000000008b000000, 0x000000008b000000|
| 121|0x000000008b100000, 0x000000008b100000, 0x000000008b200000|  0%| F|  |TS  0|AC  0|TAMS 0x000000008b100000, 0x000000008b100000|
| 122|0x000000008b200000, 0x000000008b200000, 0x000000008b300000|  0%| F|  |TS  0|AC  0|TAMS 0x000000008b200000, 0x000000008b200000|
| 123|0x000000008b300000, 0x000000008b300000, 0x000000008b400000|  0%| F|  |TS  0|AC  0|TAMS 0x000000008b300000, 0x000000008b300000|
| 124|0x000000008b400000, 0x000000008b400000, 0x000000008b500000|  0%| F|  |TS  0|AC  0|TAMS 0x000000008b400000, 0x000000008b400000|
| 125|0x000000008b500000, 0x000000008b500000, 0x000000008b600000|  0%| F|  |TS  0|AC  0|TAMS 0x000000008b500000, 0x000000008b500000|
| 126|0x000000008b600000, 0x000000008b600000, 0x000000008b700000|  0%| F|  |TS  0|AC  0|TAMS 0x000000008b600000, 0x000000008b600000|
| 127|0x000000008b700000, 0x000000008b700000, 0x000000008b800000|  0%| F|  |TS  0|AC  0|TAMS 0x000000008b700000, 0x000000008b700000|
| 128|0x000000008b800000, 0x000000008b800000, 0x000000008b900000|  0%| F|  |TS  0|AC  0|TAMS 0x000000008b800000, 0x000000008b800000|
| 129|0x000000008b900000, 0x000000008b900000, 0x000000008ba00000|  0%| F|  |TS  0|AC  0|TAMS 0x000000008b900000, 0x000000008b900000|
| 130|0x000000008ba00000, 0x000000008ba00000, 0x000000008bb00000|  0%| F|  |TS  0|AC  0|TAMS 0x000000008ba00000, 0x000000008ba00000|
| 131|0x000000008bb00000, 0x000000008bb00000, 0x000000008bc00000|  0%| F|  |TS  0|AC  0|TAMS 0x000000008bb00000, 0x000000008bb00000|
| 132|0x000000008bc00000, 0x000000008bc00000, 0x000000008bd00000|  0%| F|  |TS  0|AC  0|TAMS 0x000000008bc00000, 0x000000008bc00000|
| 133|0x000000008bd00000, 0x000000008bd00000, 0x000000008be00000|  0%| F|  |TS  0|AC  0|TAMS 0x000000008bd00000, 0x000000008bd00000|
| 134|0x000000008be00000, 0x000000008be00000, 0x000000008bf00000|  0%| F|  |TS  0|AC  0|TAMS 0x000000008be00000, 0x000000008be00000|
| 135|0x000000008bf00000, 0x000000008bf00000, 0x000000008c000000|  0%| F|  |TS  0|AC  0|TAMS 0x000000008bf00000, 0x000000008bf00000|
| 136|0x000000008c000000, 0x000000008c000000, 0x000000008c100000|  0%| F|  |TS  0|AC  0|TAMS 0x000000008c000000, 0x000000008c000000|
| 137|0x000000008c100000, 0x000000008c100000, 0x000000008c200000|  0%| F|  |TS  0|AC  0|TAMS 0x000000008c100000, 0x000000008c100000|
| 138|0x000000008c200000, 0x000000008c200000, 0x000000008c300000|  0%| F|  |TS  0|AC  0|TAMS 0x000000008c200000, 0x000000008c200000|
| 139|0x000000008c300000, 0x000000008c300000, 0x000000008c400000|  0%| F|  |TS  0|AC  0|TAMS 0x000000008c300000, 0x000000008c300000|
| 140|0x000000008c400000, 0x000000008c400000, 0x000000008c500000|  0%| F|  |TS  0|AC  0|TAMS 0x000000008c400000, 0x000000008c400000|
| 141|0x000000008c500000, 0x000000008c500000, 0x000000008c600000|  0%| F|  |TS  0|AC  0|TAMS 0x000000008c500000, 0x000000008c500000|
| 142|0x000000008c600000, 0x000000008c600000, 0x000000008c700000|  0%| F|  |TS  0|AC  0|TAMS 0x000000008c600000, 0x000000008c600000|
| 143|0x000000008c700000, 0x000000008c700000, 0x000000008c800000|  0%| F|  |TS  0|AC  0|TAMS 0x000000008c700000, 0x000000008c700000|
| 144|0x000000008c800000, 0x000000008c800000, 0x000000008c900000|  0%| F|  |TS  0|AC  0|TAMS 0x000000008c800000, 0x000000008c800000|
| 145|0x000000008c900000, 0x000000008c900000, 0x000000008ca00000|  0%| F|  |TS  0|AC  0|TAMS 0x000000008c900000, 0x000000008c900000|
| 146|0x000000008ca00000, 0x000000008ca00000, 0x000000008cb00000|  0%| F|  |TS  0|AC  0|TAMS 0x000000008ca00000, 0x000000008ca00000|
| 147|0x000000008cb00000, 0x000000008cb00000, 0x000000008cc00000|  0%| F|  |TS  0|AC  0|TAMS 0x000000008cb00000, 0x000000008cb00000|
| 148|0x000000008cc00000, 0x000000008cc00000, 0x000000008cd00000|  0%| F|  |TS  0|AC  0|TAMS 0x000000008cc00000, 0x000000008cc00000|
| 149|0x000000008cd00000, 0x000000008cd00000, 0x000000008ce00000|  0%| F|  |TS  0|AC  0|TAMS 0x000000008cd00000, 0x000000008cd00000|
| 150|0x000000008ce00000, 0x000000008ce00000, 0x000000008cf00000|  0%| F|  |TS  0|AC  0|TAMS 0x000000008ce00000, 0x000000008ce00000|
| 151|0x000000008cf00000, 0x000000008cf00000, 0x000000008d000000|  0%| F|  |TS  0|AC  0|TAMS 0x000000008cf00000, 0x000000008cf00000|
| 152|0x000000008d000000, 0x000000008d000000, 0x000000008d100000|  0%| F|  |TS  0|AC  0|TAMS 0x000000008d000000, 0x000000008d000000|
| 153|0x000000008d100000, 0x000000008d100000, 0x000000008d200000|  0%| F|  |TS  0|AC  0|TAMS 0x000000008d100000, 0x000000008d100000|
| 154|0x000000008d200000, 0x000000008d200000, 0x000000008d300000|  0%| F|  |TS  0|AC  0|TAMS 0x000000008d200000, 0x000000008d200000|
| 155|0x000000008d300000, 0x000000008d300000, 0x000000008d400000|  0%| F|  |TS  0|AC  0|TAMS 0x000000008d300000, 0x000000008d300000|
| 156|0x000000008d400000, 0x000000008d400000, 0x000000008d500000|  0%| F|  |TS  0|AC  0|TAMS 0x000000008d400000, 0x000000008d400000|
| 157|0x000000008d500000, 0x000000008d500000, 0x000000008d600000|  0%| F|  |TS  0|AC  0|TAMS 0x000000008d500000, 0x000000008d500000|
| 158|0x000000008d600000, 0x000000008d600000, 0x000000008d700000|  0%| F|  |TS  0|AC  0|TAMS 0x000000008d600000, 0x000000008d600000|
| 159|0x000000008d700000, 0x000000008d700000, 0x000000008d800000|  0%| F|  |TS  0|AC  0|TAMS 0x000000008d700000, 0x000000008d700000|
| 160|0x000000008d800000, 0x000000008d800000, 0x000000008d900000|  0%| F|  |TS  0|AC  0|TAMS 0x000000008d800000, 0x000000008d800000|
| 161|0x000000008d900000, 0x000000008d900000, 0x000000008da00000|  0%| F|  |TS  0|AC  0|TAMS 0x000000008d900000, 0x000000008d900000|
| 162|0x000000008da00000, 0x000000008da00000, 0x000000008db00000|  0%| F|  |TS  0|AC  0|TAMS 0x000000008da00000, 0x000000008da00000|
| 163|0x000000008db00000, 0x000000008db00000, 0x000000008dc00000|  0%| F|  |TS  0|AC  0|TAMS 0x000000008db00000, 0x000000008db00000|
| 164|0x000000008dc00000, 0x000000008dc00000, 0x000000008dd00000|  0%| F|  |TS  0|AC  0|TAMS 0x000000008dc00000, 0x000000008dc00000|
| 165|0x000000008dd00000, 0x000000008dd00000, 0x000000008de00000|  0%| F|  |TS  0|AC  0|TAMS 0x000000008dd00000, 0x000000008dd00000|
| 166|0x000000008de00000, 0x000000008de00000, 0x000000008df00000|  0%| F|  |TS  0|AC  0|TAMS 0x000000008de00000, 0x000000008de00000|
| 167|0x000000008df00000, 0x000000008df00000, 0x000000008e000000|  0%| F|  |TS  0|AC  0|TAMS 0x000000008df00000, 0x000000008df00000|
| 168|0x000000008e000000, 0x000000008e000000, 0x000000008e100000|  0%| F|  |TS  0|AC  0|TAMS 0x000000008e000000, 0x000000008e000000|
| 169|0x000000008e100000, 0x000000008e100000, 0x000000008e200000|  0%| F|  |TS  0|AC  0|TAMS 0x000000008e100000, 0x000000008e100000|
| 170|0x000000008e200000, 0x000000008e200000, 0x000000008e300000|  0%| F|  |TS  0|AC  0|TAMS 0x000000008e200000, 0x000000008e200000|
| 171|0x000000008e300000, 0x000000008e300000, 0x000000008e400000|  0%| F|  |TS  0|AC  0|TAMS 0x000000008e300000, 0x000000008e300000|
| 172|0x000000008e400000, 0x000000008e400000, 0x000000008e500000|  0%| F|  |TS  0|AC  0|TAMS 0x000000008e400000, 0x000000008e400000|
| 173|0x000000008e500000, 0x000000008e500000, 0x000000008e600000|  0%| F|  |TS  0|AC  0|TAMS 0x000000008e500000, 0x000000008e500000|
| 174|0x000000008e600000, 0x000000008e600000, 0x000000008e700000|  0%| F|  |TS  0|AC  0|TAMS 0x000000008e600000, 0x000000008e600000|
| 175|0x000000008e700000, 0x000000008e700000, 0x000000008e800000|  0%| F|  |TS  0|AC  0|TAMS 0x000000008e700000, 0x000000008e700000|
| 176|0x000000008e800000, 0x000000008e800000, 0x000000008e900000|  0%| F|  |TS  0|AC  0|TAMS 0x000000008e800000, 0x000000008e800000|
| 177|0x000000008e900000, 0x000000008e900000, 0x000000008ea00000|  0%| F|  |TS  0|AC  0|TAMS 0x000000008e900000, 0x000000008e900000|
| 178|0x000000008ea00000, 0x000000008ea00000, 0x000000008eb00000|  0%| F|  |TS  0|AC  0|TAMS 0x000000008ea00000, 0x000000008ea00000|
| 179|0x000000008eb00000, 0x000000008eb00000, 0x000000008ec00000|  0%| F|  |TS  0|AC  0|TAMS 0x000000008eb00000, 0x000000008eb00000|
| 180|0x000000008ec00000, 0x000000008ec00000, 0x000000008ed00000|  0%| F|  |TS  0|AC  0|TAMS 0x000000008ec00000, 0x000000008ec00000|
| 181|0x000000008ed00000, 0x000000008ed00000, 0x000000008ee00000|  0%| F|  |TS  0|AC  0|TAMS 0x000000008ed00000, 0x000000008ed00000|
| 182|0x000000008ee00000, 0x000000008ee00000, 0x000000008ef00000|  0%| F|  |TS  0|AC  0|TAMS 0x000000008ee00000, 0x000000008ee00000|
| 183|0x000000008ef00000, 0x000000008ef00000, 0x000000008f000000|  0%| F|  |TS  0|AC  0|TAMS 0x000000008ef00000, 0x000000008ef00000|
| 184|0x000000008f000000, 0x000000008f000000, 0x000000008f100000|  0%| F|  |TS  0|AC  0|TAMS 0x000000008f000000, 0x000000008f000000|
| 185|0x000000008f100000, 0x000000008f100000, 0x000000008f200000|  0%| F|  |TS  0|AC  0|TAMS 0x000000008f100000, 0x000000008f100000|
| 186|0x000000008f200000, 0x000000008f200000, 0x000000008f300000|  0%| F|  |TS  0|AC  0|TAMS 0x000000008f200000, 0x000000008f200000|
| 187|0x000000008f300000, 0x000000008f300000, 0x000000008f400000|  0%| F|  |TS  0|AC  0|TAMS 0x000000008f300000, 0x000000008f300000|
| 188|0x000000008f400000, 0x000000008f400000, 0x000000008f500000|  0%| F|  |TS  0|AC  0|TAMS 0x000000008f400000, 0x000000008f400000|
| 189|0x000000008f500000, 0x000000008f500000, 0x000000008f600000|  0%| F|  |TS  0|AC  0|TAMS 0x000000008f500000, 0x000000008f500000|
| 190|0x000000008f600000, 0x000000008f600000, 0x000000008f700000|  0%| F|  |TS  0|AC  0|TAMS 0x000000008f600000, 0x000000008f600000|
| 191|0x000000008f700000, 0x000000008f700000, 0x000000008f800000|  0%| F|  |TS  0|AC  0|TAMS 0x000000008f700000, 0x000000008f700000|
| 192|0x000000008f800000, 0x000000008f800000, 0x000000008f900000|  0%| F|  |TS  0|AC  0|TAMS 0x000000008f800000, 0x000000008f800000|
| 193|0x000000008f900000, 0x000000008f900000, 0x000000008fa00000|  0%| F|  |TS  0|AC  0|TAMS 0x000000008f900000, 0x000000008f900000|
| 194|0x000000008fa00000, 0x000000008fa00000, 0x000000008fb00000|  0%| F|  |TS  0|AC  0|TAMS 0x000000008fa00000, 0x000000008fa00000|
| 195|0x000000008fb00000, 0x000000008fb00000, 0x000000008fc00000|  0%| F|  |TS  0|AC  0|TAMS 0x000000008fb00000, 0x000000008fb00000|
| 196|0x000000008fc00000, 0x000000008fc00000, 0x000000008fd00000|  0%| F|  |TS  0|AC  0|TAMS 0x000000008fc00000, 0x000000008fc00000|
| 197|0x000000008fd00000, 0x000000008fd00000, 0x000000008fe00000|  0%| F|  |TS  0|AC  0|TAMS 0x000000008fd00000, 0x000000008fd00000|
| 198|0x000000008fe00000, 0x000000008fe00000, 0x000000008ff00000|  0%| F|  |TS  0|AC  0|TAMS 0x000000008fe00000, 0x000000008fe00000|
| 199|0x000000008ff00000, 0x000000008ff00000, 0x0000000090000000|  0%| F|  |TS  0|AC  0|TAMS 0x000000008ff00000, 0x000000008ff00000|
| 200|0x0000000090000000, 0x0000000090000000, 0x0000000090100000|  0%| F|  |TS  0|AC  0|TAMS 0x0000000090000000, 0x0000000090000000|
| 201|0x0000000090100000, 0x0000000090100000, 0x0000000090200000|  0%| F|  |TS  0|AC  0|TAMS 0x0000000090100000, 0x0000000090100000|
| 202|0x0000000090200000, 0x0000000090200000, 0x0000000090300000|  0%| F|  |TS  0|AC  0|TAMS 0x0000000090200000, 0x0000000090200000|
| 203|0x0000000090300000, 0x0000000090300000, 0x0000000090400000|  0%| F|  |TS  0|AC  0|TAMS 0x0000000090300000, 0x0000000090300000|
| 204|0x0000000090400000, 0x0000000090400000, 0x0000000090500000|  0%| F|  |TS  0|AC  0|TAMS 0x0000000090400000, 0x0000000090400000|
| 205|0x0000000090500000, 0x0000000090500000, 0x0000000090600000|  0%| F|  |TS  0|AC  0|TAMS 0x0000000090500000, 0x0000000090500000|
| 206|0x0000000090600000, 0x0000000090600000, 0x0000000090700000|  0%| F|  |TS  0|AC  0|TAMS 0x0000000090600000, 0x0000000090600000|
| 207|0x0000000090700000, 0x0000000090700000, 0x0000000090800000|  0%| F|  |TS  0|AC  0|TAMS 0x0000000090700000, 0x0000000090700000|
| 208|0x0000000090800000, 0x0000000090800000, 0x0000000090900000|  0%| F|  |TS  0|AC  0|TAMS 0x0000000090800000, 0x0000000090800000|
| 209|0x0000000090900000, 0x0000000090900000, 0x0000000090a00000|  0%| F|  |TS  0|AC  0|TAMS 0x0000000090900000, 0x0000000090900000|
| 210|0x0000000090a00000, 0x0000000090a00000, 0x0000000090b00000|  0%| F|  |TS  0|AC  0|TAMS 0x0000000090a00000, 0x0000000090a00000|
| 211|0x0000000090b00000, 0x0000000090b00000, 0x0000000090c00000|  0%| F|  |TS  0|AC  0|TAMS 0x0000000090b00000, 0x0000000090b00000|
| 212|0x0000000090c00000, 0x0000000090c00000, 0x0000000090d00000|  0%| F|  |TS  0|AC  0|TAMS 0x0000000090c00000, 0x0000000090c00000|
| 213|0x0000000090d00000, 0x0000000090d00000, 0x0000000090e00000|  0%| F|  |TS  0|AC  0|TAMS 0x0000000090d00000, 0x0000000090d00000|
| 214|0x0000000090e00000, 0x0000000090e00000, 0x0000000090f00000|  0%| F|  |TS  0|AC  0|TAMS 0x0000000090e00000, 0x0000000090e00000|
| 215|0x0000000090f00000, 0x0000000090f00000, 0x0000000091000000|  0%| F|  |TS  0|AC  0|TAMS 0x0000000090f00000, 0x0000000090f00000|
| 216|0x0000000091000000, 0x0000000091000000, 0x0000000091100000|  0%| F|  |TS  0|AC  0|TAMS 0x0000000091000000, 0x0000000091000000|
| 217|0x0000000091100000, 0x0000000091100000, 0x0000000091200000|  0%| F|  |TS  0|AC  0|TAMS 0x0000000091100000, 0x0000000091100000|
| 218|0x0000000091200000, 0x0000000091200000, 0x0000000091300000|  0%| F|  |TS  0|AC  0|TAMS 0x0000000091200000, 0x0000000091200000|
| 219|0x0000000091300000, 0x0000000091300000, 0x0000000091400000|  0%| F|  |TS  0|AC  0|TAMS 0x0000000091300000, 0x0000000091300000|
| 220|0x0000000091400000, 0x0000000091400000, 0x0000000091500000|  0%| F|  |TS  0|AC  0|TAMS 0x0000000091400000, 0x0000000091400000|
| 221|0x0000000091500000, 0x0000000091500000, 0x0000000091600000|  0%| F|  |TS  0|AC  0|TAMS 0x0000000091500000, 0x0000000091500000|
| 222|0x0000000091600000, 0x0000000091600000, 0x0000000091700000|  0%| F|  |TS  0|AC  0|TAMS 0x0000000091600000, 0x0000000091600000|
| 223|0x0000000091700000, 0x0000000091700000, 0x0000000091800000|  0%| F|  |TS  0|AC  0|TAMS 0x0000000091700000, 0x0000000091700000|
| 224|0x0000000091800000, 0x0000000091800000, 0x0000000091900000|  0%| F|  |TS  0|AC  0|TAMS 0x0000000091800000, 0x0000000091800000|
| 225|0x0000000091900000, 0x0000000091900000, 0x0000000091a00000|  0%| F|  |TS  0|AC  0|TAMS 0x0000000091900000, 0x0000000091900000|
| 226|0x0000000091a00000, 0x0000000091a00000, 0x0000000091b00000|  0%| F|  |TS  0|AC  0|TAMS 0x0000000091a00000, 0x0000000091a00000|
| 227|0x0000000091b00000, 0x0000000091b00000, 0x0000000091c00000|  0%| F|  |TS  0|AC  0|TAMS 0x0000000091b00000, 0x0000000091b00000|
| 228|0x0000000091c00000, 0x0000000091c00000, 0x0000000091d00000|  0%| F|  |TS  0|AC  0|TAMS 0x0000000091c00000, 0x0000000091c00000|
| 229|0x0000000091d00000, 0x0000000091d00000, 0x0000000091e00000|  0%| F|  |TS  0|AC  0|TAMS 0x0000000091d00000, 0x0000000091d00000|
| 230|0x0000000091e00000, 0x0000000091e00000, 0x0000000091f00000|  0%| F|  |TS  0|AC  0|TAMS 0x0000000091e00000, 0x0000000091e00000|
| 231|0x0000000091f00000, 0x0000000091f00000, 0x0000000092000000|  0%| F|  |TS  0|AC  0|TAMS 0x0000000091f00000, 0x0000000091f00000|
| 232|0x0000000092000000, 0x0000000092000000, 0x0000000092100000|  0%| F|  |TS  0|AC  0|TAMS 0x0000000092000000, 0x0000000092000000|
| 233|0x0000000092100000, 0x0000000092100000, 0x0000000092200000|  0%| F|  |TS  0|AC  0|TAMS 0x0000000092100000, 0x0000000092100000|
| 234|0x0000000092200000, 0x0000000092200000, 0x0000000092300000|  0%| F|  |TS  0|AC  0|TAMS 0x0000000092200000, 0x0000000092200000|
| 235|0x0000000092300000, 0x0000000092300000, 0x0000000092400000|  0%| F|  |TS  0|AC  0|TAMS 0x0000000092300000, 0x0000000092300000|
| 236|0x0000000092400000, 0x0000000092400000, 0x0000000092500000|  0%| F|  |TS  0|AC  0|TAMS 0x0000000092400000, 0x0000000092400000|
| 237|0x0000000092500000, 0x0000000092500000, 0x0000000092600000|  0%| F|  |TS  0|AC  0|TAMS 0x0000000092500000, 0x0000000092500000|
| 238|0x0000000092600000, 0x0000000092600000, 0x0000000092700000|  0%| F|  |TS  0|AC  0|TAMS 0x0000000092600000, 0x0000000092600000|
| 239|0x0000000092700000, 0x0000000092700000, 0x0000000092800000|  0%| F|  |TS  0|AC  0|TAMS 0x0000000092700000, 0x0000000092700000|
| 240|0x0000000092800000, 0x0000000092800000, 0x0000000092900000|  0%| F|  |TS  0|AC  0|TAMS 0x0000000092800000, 0x0000000092800000|
| 241|0x0000000092900000, 0x0000000092900000, 0x0000000092a00000|  0%| F|  |TS  0|AC  0|TAMS 0x0000000092900000, 0x0000000092900000|
| 242|0x0000000092a00000, 0x0000000092a00000, 0x0000000092b00000|  0%| F|  |TS  0|AC  0|TAMS 0x0000000092a00000, 0x0000000092a00000|
| 243|0x0000000092b00000, 0x0000000092b00000, 0x0000000092c00000|  0%| F|  |TS  0|AC  0|TAMS 0x0000000092b00000, 0x0000000092b00000|
| 244|0x0000000092c00000, 0x0000000092c00000, 0x0000000092d00000|  0%| F|  |TS  0|AC  0|TAMS 0x0000000092c00000, 0x0000000092c00000|
| 245|0x0000000092d00000, 0x0000000092d00000, 0x0000000092e00000|  0%| F|  |TS  0|AC  0|TAMS 0x0000000092d00000, 0x0000000092d00000|
| 246|0x0000000092e00000, 0x0000000092e00000, 0x0000000092f00000|  0%| F|  |TS  0|AC  0|TAMS 0x0000000092e00000, 0x0000000092e00000|
| 247|0x0000000092f00000, 0x0000000092f00000, 0x0000000093000000|  0%| F|  |TS  0|AC  0|TAMS 0x0000000092f00000, 0x0000000092f00000|
| 248|0x0000000093000000, 0x0000000093000000, 0x0000000093100000|  0%| F|  |TS  0|AC  0|TAMS 0x0000000093000000, 0x0000000093000000|
| 249|0x0000000093100000, 0x0000000093100000, 0x0000000093200000|  0%| F|  |TS  0|AC  0|TAMS 0x0000000093100000, 0x0000000093100000|
| 250|0x0000000093200000, 0x0000000093200000, 0x0000000093300000|  0%| F|  |TS  0|AC  0|TAMS 0x0000000093200000, 0x0000000093200000|
| 251|0x0000000093300000, 0x0000000093300000, 0x0000000093400000|  0%| F|  |TS  0|AC  0|TAMS 0x0000000093300000, 0x0000000093300000|
| 252|0x0000000093400000, 0x0000000093400000, 0x0000000093500000|  0%| F|  |TS  0|AC  0|TAMS 0x0000000093400000, 0x0000000093400000|
| 253|0x0000000093500000, 0x0000000093500000, 0x0000000093600000|  0%| F|  |TS  0|AC  0|TAMS 0x0000000093500000, 0x0000000093500000|
| 254|0x0000000093600000, 0x0000000093600000, 0x0000000093700000|  0%| F|  |TS  0|AC  0|TAMS 0x0000000093600000, 0x0000000093600000|
| 255|0x0000000093700000, 0x0000000093700000, 0x0000000093800000|  0%| F|  |TS  0|AC  0|TAMS 0x0000000093700000, 0x0000000093700000|
| 256|0x0000000093800000, 0x0000000093800000, 0x0000000093900000|  0%| F|  |TS  0|AC  0|TAMS 0x0000000093800000, 0x0000000093800000|
| 257|0x0000000093900000, 0x0000000093900000, 0x0000000093a00000|  0%| F|  |TS  0|AC  0|TAMS 0x0000000093900000, 0x0000000093900000|
| 258|0x0000000093a00000, 0x0000000093a00000, 0x0000000093b00000|  0%| F|  |TS  0|AC  0|TAMS 0x0000000093a00000, 0x0000000093a00000|
| 259|0x0000000093b00000, 0x0000000093b00000, 0x0000000093c00000|  0%| F|  |TS  0|AC  0|TAMS 0x0000000093b00000, 0x0000000093b00000|
| 260|0x0000000093c00000, 0x0000000093c00000, 0x0000000093d00000|  0%| F|  |TS  0|AC  0|TAMS 0x0000000093c00000, 0x0000000093c00000|
| 261|0x0000000093d00000, 0x0000000093d00000, 0x0000000093e00000|  0%| F|  |TS  0|AC  0|TAMS 0x0000000093d00000, 0x0000000093d00000|
| 262|0x0000000093e00000, 0x0000000093e00000, 0x0000000093f00000|  0%| F|  |TS  0|AC  0|TAMS 0x0000000093e00000, 0x0000000093e00000|
| 263|0x0000000093f00000, 0x0000000093f00000, 0x0000000094000000|  0%| F|  |TS  0|AC  0|TAMS 0x0000000093f00000, 0x0000000093f00000|
| 264|0x0000000094000000, 0x0000000094000000, 0x0000000094100000|  0%| F|  |TS  0|AC  0|TAMS 0x0000000094000000, 0x0000000094000000|
| 265|0x0000000094100000, 0x0000000094100000, 0x0000000094200000|  0%| F|  |TS  0|AC  0|TAMS 0x0000000094100000, 0x0000000094100000|
| 266|0x0000000094200000, 0x0000000094200000, 0x0000000094300000|  0%| F|  |TS  0|AC  0|TAMS 0x0000000094200000, 0x0000000094200000|
| 267|0x0000000094300000, 0x0000000094300000, 0x0000000094400000|  0%| F|  |TS  0|AC  0|TAMS 0x0000000094300000, 0x0000000094300000|
| 268|0x0000000094400000, 0x0000000094400000, 0x0000000094500000|  0%| F|  |TS  0|AC  0|TAMS 0x0000000094400000, 0x0000000094400000|
| 269|0x0000000094500000, 0x0000000094500000, 0x0000000094600000|  0%| F|  |TS  0|AC  0|TAMS 0x0000000094500000, 0x0000000094500000|
| 270|0x0000000094600000, 0x0000000094600000, 0x0000000094700000|  0%| F|  |TS  0|AC  0|TAMS 0x0000000094600000, 0x0000000094600000|
| 271|0x0000000094700000, 0x0000000094700000, 0x0000000094800000|  0%| F|  |TS  0|AC  0|TAMS 0x0000000094700000, 0x0000000094700000|
| 272|0x0000000094800000, 0x0000000094800000, 0x0000000094900000|  0%| F|  |TS  0|AC  0|TAMS 0x0000000094800000, 0x0000000094800000|
| 273|0x0000000094900000, 0x0000000094900000, 0x0000000094a00000|  0%| F|  |TS  0|AC  0|TAMS 0x0000000094900000, 0x0000000094900000|
| 274|0x0000000094a00000, 0x0000000094a00000, 0x0000000094b00000|  0%| F|  |TS  0|AC  0|TAMS 0x0000000094a00000, 0x0000000094a00000|
| 275|0x0000000094b00000, 0x0000000094b00000, 0x0000000094c00000|  0%| F|  |TS  0|AC  0|TAMS 0x0000000094b00000, 0x0000000094b00000|
| 276|0x0000000094c00000, 0x0000000094c00000, 0x0000000094d00000|  0%| F|  |TS  0|AC  0|TAMS 0x0000000094c00000, 0x0000000094c00000|
| 277|0x0000000094d00000, 0x0000000094d00000, 0x0000000094e00000|  0%| F|  |TS  0|AC  0|TAMS 0x0000000094d00000, 0x0000000094d00000|
| 278|0x0000000094e00000, 0x0000000094e00000, 0x0000000094f00000|  0%| F|  |TS  0|AC  0|TAMS 0x0000000094e00000, 0x0000000094e00000|
| 279|0x0000000094f00000, 0x0000000094f00000, 0x0000000095000000|  0%| F|  |TS  0|AC  0|TAMS 0x0000000094f00000, 0x0000000094f00000|
| 280|0x0000000095000000, 0x0000000095000000, 0x0000000095100000|  0%| F|  |TS  0|AC  0|TAMS 0x0000000095000000, 0x0000000095000000|
| 281|0x0000000095100000, 0x0000000095100000, 0x0000000095200000|  0%| F|  |TS  0|AC  0|TAMS 0x0000000095100000, 0x0000000095100000|
| 282|0x0000000095200000, 0x0000000095200000, 0x0000000095300000|  0%| F|  |TS  0|AC  0|TAMS 0x0000000095200000, 0x0000000095200000|
| 283|0x0000000095300000, 0x0000000095300000, 0x0000000095400000|  0%| F|  |TS  0|AC  0|TAMS 0x0000000095300000, 0x0000000095300000|
| 284|0x0000000095400000, 0x0000000095400000, 0x0000000095500000|  0%| F|  |TS  0|AC  0|TAMS 0x0000000095400000, 0x0000000095400000|
| 285|0x0000000095500000, 0x0000000095500000, 0x0000000095600000|  0%| F|  |TS  0|AC  0|TAMS 0x0000000095500000, 0x0000000095500000|
| 286|0x0000000095600000, 0x0000000095600000, 0x0000000095700000|  0%| F|  |TS  0|AC  0|TAMS 0x0000000095600000, 0x0000000095600000|
| 287|0x0000000095700000, 0x0000000095700000, 0x0000000095800000|  0%| F|  |TS  0|AC  0|TAMS 0x0000000095700000, 0x0000000095700000|
| 288|0x0000000095800000, 0x0000000095800000, 0x0000000095900000|  0%| F|  |TS  0|AC  0|TAMS 0x0000000095800000, 0x0000000095800000|
| 289|0x0000000095900000, 0x0000000095900000, 0x0000000095a00000|  0%| F|  |TS  0|AC  0|TAMS 0x0000000095900000, 0x0000000095900000|
| 290|0x0000000095a00000, 0x0000000095a00000, 0x0000000095b00000|  0%| F|  |TS  0|AC  0|TAMS 0x0000000095a00000, 0x0000000095a00000|
| 291|0x0000000095b00000, 0x0000000095b00000, 0x0000000095c00000|  0%| F|  |TS  0|AC  0|TAMS 0x0000000095b00000, 0x0000000095b00000|
| 292|0x0000000095c00000, 0x0000000095c00000, 0x0000000095d00000|  0%| F|  |TS  0|AC  0|TAMS 0x0000000095c00000, 0x0000000095c00000|
| 293|0x0000000095d00000, 0x0000000095d00000, 0x0000000095e00000|  0%| F|  |TS  0|AC  0|TAMS 0x0000000095d00000, 0x0000000095d00000|
| 294|0x0000000095e00000, 0x0000000095e00000, 0x0000000095f00000|  0%| F|  |TS  0|AC  0|TAMS 0x0000000095e00000, 0x0000000095e00000|
| 295|0x0000000095f00000, 0x0000000095f00000, 0x0000000096000000|  0%| F|  |TS  0|AC  0|TAMS 0x0000000095f00000, 0x0000000095f00000|
| 296|0x0000000096000000, 0x0000000096000000, 0x0000000096100000|  0%| F|  |TS  0|AC  0|TAMS 0x0000000096000000, 0x0000000096000000|
| 297|0x0000000096100000, 0x0000000096100000, 0x0000000096200000|  0%| F|  |TS  0|AC  0|TAMS 0x0000000096100000, 0x0000000096100000|
| 298|0x0000000096200000, 0x0000000096200000, 0x0000000096300000|  0%| F|  |TS  0|AC  0|TAMS 0x0000000096200000, 0x0000000096200000|
| 299|0x0000000096300000, 0x0000000096300000, 0x0000000096400000|  0%| F|  |TS  0|AC  0|TAMS 0x0000000096300000, 0x0000000096300000|
| 300|0x0000000096400000, 0x0000000096400000, 0x0000000096500000|  0%| F|  |TS  0|AC  0|TAMS 0x0000000096400000, 0x0000000096400000|
| 301|0x0000000096500000, 0x0000000096500000, 0x0000000096600000|  0%| F|  |TS  0|AC  0|TAMS 0x0000000096500000, 0x0000000096500000|
| 302|0x0000000096600000, 0x0000000096600000, 0x0000000096700000|  0%| F|  |TS  0|AC  0|TAMS 0x0000000096600000, 0x0000000096600000|
| 303|0x0000000096700000, 0x0000000096700000, 0x0000000096800000|  0%| F|  |TS  0|AC  0|TAMS 0x0000000096700000, 0x0000000096700000|
| 304|0x0000000096800000, 0x0000000096800000, 0x0000000096900000|  0%| F|  |TS  0|AC  0|TAMS 0x0000000096800000, 0x0000000096800000|
| 305|0x0000000096900000, 0x0000000096900000, 0x0000000096a00000|  0%| F|  |TS  0|AC  0|TAMS 0x0000000096900000, 0x0000000096900000|
| 306|0x0000000096a00000, 0x0000000096a00000, 0x0000000096b00000|  0%| F|  |TS  0|AC  0|TAMS 0x0000000096a00000, 0x0000000096a00000|
| 307|0x0000000096b00000, 0x0000000096b00000, 0x0000000096c00000|  0%| F|  |TS  0|AC  0|TAMS 0x0000000096b00000, 0x0000000096b00000|
| 308|0x0000000096c00000, 0x0000000096c00000, 0x0000000096d00000|  0%| F|  |TS  0|AC  0|TAMS 0x0000000096c00000, 0x0000000096c00000|
| 309|0x0000000096d00000, 0x0000000096d00000, 0x0000000096e00000|  0%| F|  |TS  0|AC  0|TAMS 0x0000000096d00000, 0x0000000096d00000|
| 310|0x0000000096e00000, 0x0000000096e00000, 0x0000000096f00000|  0%| F|  |TS  0|AC  0|TAMS 0x0000000096e00000, 0x0000000096e00000|
| 311|0x0000000096f00000, 0x0000000096f00000, 0x0000000097000000|  0%| F|  |TS  0|AC  0|TAMS 0x0000000096f00000, 0x0000000096f00000|
| 312|0x0000000097000000, 0x0000000097000000, 0x0000000097100000|  0%| F|  |TS  0|AC  0|TAMS 0x0000000097000000, 0x0000000097000000|
| 313|0x0000000097100000, 0x0000000097100000, 0x0000000097200000|  0%| F|  |TS  0|AC  0|TAMS 0x0000000097100000, 0x0000000097100000|
| 314|0x0000000097200000, 0x0000000097200000, 0x0000000097300000|  0%| F|  |TS  0|AC  0|TAMS 0x0000000097200000, 0x0000000097200000|
| 315|0x0000000097300000, 0x0000000097300000, 0x0000000097400000|  0%| F|  |TS  0|AC  0|TAMS 0x0000000097300000, 0x0000000097300000|
| 316|0x0000000097400000, 0x0000000097400000, 0x0000000097500000|  0%| F|  |TS  0|AC  0|TAMS 0x0000000097400000, 0x0000000097400000|
| 317|0x0000000097500000, 0x0000000097500000, 0x0000000097600000|  0%| F|  |TS  0|AC  0|TAMS 0x0000000097500000, 0x0000000097500000|
| 318|0x0000000097600000, 0x0000000097600000, 0x0000000097700000|  0%| F|  |TS  0|AC  0|TAMS 0x0000000097600000, 0x0000000097600000|
| 319|0x0000000097700000, 0x0000000097700000, 0x0000000097800000|  0%| F|  |TS  0|AC  0|TAMS 0x0000000097700000, 0x0000000097700000|
| 320|0x0000000097800000, 0x0000000097800000, 0x0000000097900000|  0%| F|  |TS  0|AC  0|TAMS 0x0000000097800000, 0x0000000097800000|
| 321|0x0000000097900000, 0x0000000097900000, 0x0000000097a00000|  0%| F|  |TS  0|AC  0|TAMS 0x0000000097900000, 0x0000000097900000|
| 322|0x0000000097a00000, 0x0000000097a00000, 0x0000000097b00000|  0%| F|  |TS  0|AC  0|TAMS 0x0000000097a00000, 0x0000000097a00000|
| 323|0x0000000097b00000, 0x0000000097b00000, 0x0000000097c00000|  0%| F|  |TS  0|AC  0|TAMS 0x0000000097b00000, 0x0000000097b00000|
| 324|0x0000000097c00000, 0x0000000097c00000, 0x0000000097d00000|  0%| F|  |TS  0|AC  0|TAMS 0x0000000097c00000, 0x0000000097c00000|
| 325|0x0000000097d00000, 0x0000000097d00000, 0x0000000097e00000|  0%| F|  |TS  0|AC  0|TAMS 0x0000000097d00000, 0x0000000097d00000|
| 326|0x0000000097e00000, 0x0000000097e00000, 0x0000000097f00000|  0%| F|  |TS  0|AC  0|TAMS 0x0000000097e00000, 0x0000000097e00000|
| 327|0x0000000097f00000, 0x0000000097f00000, 0x0000000098000000|  0%| F|  |TS  0|AC  0|TAMS 0x0000000097f00000, 0x0000000097f00000|
| 328|0x0000000098000000, 0x0000000098000000, 0x0000000098100000|  0%| F|  |TS  0|AC  0|TAMS 0x0000000098000000, 0x0000000098000000|
| 329|0x0000000098100000, 0x0000000098100000, 0x0000000098200000|  0%| F|  |TS  0|AC  0|TAMS 0x0000000098100000, 0x0000000098100000|
| 330|0x0000000098200000, 0x0000000098200000, 0x0000000098300000|  0%| F|  |TS  0|AC  0|TAMS 0x0000000098200000, 0x0000000098200000|
| 331|0x0000000098300000, 0x0000000098300000, 0x0000000098400000|  0%| F|  |TS  0|AC  0|TAMS 0x0000000098300000, 0x0000000098300000|
| 332|0x0000000098400000, 0x0000000098400000, 0x0000000098500000|  0%| F|  |TS  0|AC  0|TAMS 0x0000000098400000, 0x0000000098400000|
| 333|0x0000000098500000, 0x0000000098500000, 0x0000000098600000|  0%| F|  |TS  0|AC  0|TAMS 0x0000000098500000, 0x0000000098500000|
| 334|0x0000000098600000, 0x0000000098600000, 0x0000000098700000|  0%| F|  |TS  0|AC  0|TAMS 0x0000000098600000, 0x0000000098600000|
| 335|0x0000000098700000, 0x0000000098700000, 0x0000000098800000|  0%| F|  |TS  0|AC  0|TAMS 0x0000000098700000, 0x0000000098700000|
| 336|0x0000000098800000, 0x0000000098800000, 0x0000000098900000|  0%| F|  |TS  0|AC  0|TAMS 0x0000000098800000, 0x0000000098800000|
| 337|0x0000000098900000, 0x0000000098900000, 0x0000000098a00000|  0%| F|  |TS  0|AC  0|TAMS 0x0000000098900000, 0x0000000098900000|
| 338|0x0000000098a00000, 0x0000000098a00000, 0x0000000098b00000|  0%| F|  |TS  0|AC  0|TAMS 0x0000000098a00000, 0x0000000098a00000|
| 339|0x0000000098b00000, 0x0000000098b00000, 0x0000000098c00000|  0%| F|  |TS  0|AC  0|TAMS 0x0000000098b00000, 0x0000000098b00000|
| 340|0x0000000098c00000, 0x0000000098c00000, 0x0000000098d00000|  0%| F|  |TS  0|AC  0|TAMS 0x0000000098c00000, 0x0000000098c00000|
| 341|0x0000000098d00000, 0x0000000098d00000, 0x0000000098e00000|  0%| F|  |TS  0|AC  0|TAMS 0x0000000098d00000, 0x0000000098d00000|
| 342|0x0000000098e00000, 0x0000000098e00000, 0x0000000098f00000|  0%| F|  |TS  0|AC  0|TAMS 0x0000000098e00000, 0x0000000098e00000|
| 343|0x0000000098f00000, 0x0000000098f00000, 0x0000000099000000|  0%| F|  |TS  0|AC  0|TAMS 0x0000000098f00000, 0x0000000098f00000|
| 344|0x0000000099000000, 0x0000000099000000, 0x0000000099100000|  0%| F|  |TS  0|AC  0|TAMS 0x0000000099000000, 0x0000000099000000|
| 345|0x0000000099100000, 0x0000000099100000, 0x0000000099200000|  0%| F|  |TS  0|AC  0|TAMS 0x0000000099100000, 0x0000000099100000|
| 346|0x0000000099200000, 0x0000000099200000, 0x0000000099300000|  0%| F|  |TS  0|AC  0|TAMS 0x0000000099200000, 0x0000000099200000|
| 347|0x0000000099300000, 0x0000000099300000, 0x0000000099400000|  0%| F|  |TS  0|AC  0|TAMS 0x0000000099300000, 0x0000000099300000|
| 348|0x0000000099400000, 0x0000000099400000, 0x0000000099500000|  0%| F|  |TS  0|AC  0|TAMS 0x0000000099400000, 0x0000000099400000|
| 349|0x0000000099500000, 0x0000000099500000, 0x0000000099600000|  0%| F|  |TS  0|AC  0|TAMS 0x0000000099500000, 0x0000000099500000|
| 350|0x0000000099600000, 0x0000000099600000, 0x0000000099700000|  0%| F|  |TS  0|AC  0|TAMS 0x0000000099600000, 0x0000000099600000|
| 351|0x0000000099700000, 0x0000000099700000, 0x0000000099800000|  0%| F|  |TS  0|AC  0|TAMS 0x0000000099700000, 0x0000000099700000|
| 352|0x0000000099800000, 0x0000000099800000, 0x0000000099900000|  0%| F|  |TS  0|AC  0|TAMS 0x0000000099800000, 0x0000000099800000|
| 353|0x0000000099900000, 0x0000000099900000, 0x0000000099a00000|  0%| F|  |TS  0|AC  0|TAMS 0x0000000099900000, 0x0000000099900000|
| 354|0x0000000099a00000, 0x0000000099a00000, 0x0000000099b00000|  0%| F|  |TS  0|AC  0|TAMS 0x0000000099a00000, 0x0000000099a00000|
| 355|0x0000000099b00000, 0x0000000099b00000, 0x0000000099c00000|  0%| F|  |TS  0|AC  0|TAMS 0x0000000099b00000, 0x0000000099b00000|
| 356|0x0000000099c00000, 0x0000000099c00000, 0x0000000099d00000|  0%| F|  |TS  0|AC  0|TAMS 0x0000000099c00000, 0x0000000099c00000|
| 357|0x0000000099d00000, 0x0000000099d543b0, 0x0000000099e00000| 32%| S|CS|TS  1|AC  0|TAMS 0x0000000099d00000, 0x0000000099d00000|
| 358|0x0000000099e00000, 0x0000000099f00000, 0x0000000099f00000|100%| S|CS|TS  1|AC  0|TAMS 0x0000000099e00000, 0x0000000099e00000|
| 359|0x0000000099f00000, 0x000000009a000000, 0x000000009a000000|100%| S|CS|TS  1|AC  0|TAMS 0x0000000099f00000, 0x0000000099f00000|
| 360|0x000000009a000000, 0x000000009a000000, 0x000000009a100000|  0%| F|  |TS  1|AC  0|TAMS 0x000000009a000000, 0x000000009a000000|
| 361|0x000000009a100000, 0x000000009a100000, 0x000000009a200000|  0%| F|  |TS  1|AC  0|TAMS 0x000000009a100000, 0x000000009a100000|
| 362|0x000000009a200000, 0x000000009a200000, 0x000000009a300000|  0%| F|  |TS  1|AC  0|TAMS 0x000000009a200000, 0x000000009a200000|
| 363|0x000000009a300000, 0x000000009a300000, 0x000000009a400000|  0%| F|  |TS  1|AC  0|TAMS 0x000000009a300000, 0x000000009a300000|
| 364|0x000000009a400000, 0x000000009a400000, 0x000000009a500000|  0%| F|  |TS  1|AC  0|TAMS 0x000000009a400000, 0x000000009a400000|
| 365|0x000000009a500000, 0x000000009a500000, 0x000000009a600000|  0%| F|  |TS  1|AC  0|TAMS 0x000000009a500000, 0x000000009a500000|
| 366|0x000000009a600000, 0x000000009a600000, 0x000000009a700000|  0%| F|  |TS  1|AC  0|TAMS 0x000000009a600000, 0x000000009a600000|
| 367|0x000000009a700000, 0x000000009a700000, 0x000000009a800000|  0%| F|  |TS  1|AC  0|TAMS 0x000000009a700000, 0x000000009a700000|
| 368|0x000000009a800000, 0x000000009a800000, 0x000000009a900000|  0%| F|  |TS  1|AC  0|TAMS 0x000000009a800000, 0x000000009a800000|
| 369|0x000000009a900000, 0x000000009a900000, 0x000000009aa00000|  0%| F|  |TS  1|AC  0|TAMS 0x000000009a900000, 0x000000009a900000|
| 370|0x000000009aa00000, 0x000000009aa00000, 0x000000009ab00000|  0%| F|  |TS  1|AC  0|TAMS 0x000000009aa00000, 0x000000009aa00000|
| 371|0x000000009ab00000, 0x000000009ab00000, 0x000000009ac00000|  0%| F|  |TS  1|AC  0|TAMS 0x000000009ab00000, 0x000000009ab00000|
| 372|0x000000009ac00000, 0x000000009ac00000, 0x000000009ad00000|  0%| F|  |TS  1|AC  0|TAMS 0x000000009ac00000, 0x000000009ac00000|
| 373|0x000000009ad00000, 0x000000009ad00000, 0x000000009ae00000|  0%| F|  |TS  1|AC  0|TAMS 0x000000009ad00000, 0x000000009ad00000|
| 374|0x000000009ae00000, 0x000000009ae00000, 0x000000009af00000|  0%| F|  |TS  1|AC  0|TAMS 0x000000009ae00000, 0x000000009ae00000|
| 375|0x000000009af00000, 0x000000009af00000, 0x000000009b000000|  0%| F|  |TS  1|AC  0|TAMS 0x000000009af00000, 0x000000009af00000|
| 376|0x000000009b000000, 0x000000009b000000, 0x000000009b100000|  0%| F|  |TS  1|AC  0|TAMS 0x000000009b000000, 0x000000009b000000|
| 377|0x000000009b100000, 0x000000009b100000, 0x000000009b200000|  0%| F|  |TS  1|AC  0|TAMS 0x000000009b100000, 0x000000009b100000|

Card table byte_map: [0x00007f5394f91000,0x00007f5395375000] byte_map_base: 0x00007f5394b75000

Marking Bits (Prev, Next): (CMBitMap*) 0x00007f53b005a080, (CMBitMap*) 0x00007f53b005a0b8
 Prev Bits: [0x00007f537e0e0000, 0x00007f5380000000)
 Next Bits: [0x00007f537c1c0000, 0x00007f537e0e0000)

Polling page: 0x00007f53b8269000

CodeHeap 'non-profiled nmethods': size=120036Kb used=1719Kb max_used=1736Kb free=118316Kb
 bounds [0x00007f539d604000, 0x00007f539d874000, 0x00007f53a4b3d000]
CodeHeap 'profiled nmethods': size=120032Kb used=8777Kb max_used=8854Kb free=111255Kb
 bounds [0x00007f53960cc000, 0x00007f539698c000, 0x00007f539d604000]
CodeHeap 'non-nmethods': size=5692Kb used=1288Kb max_used=1307Kb free=4403Kb
 bounds [0x00007f5395b3d000, 0x00007f5395dad000, 0x00007f53960cc000]
 total_blobs=5181 nmethods=3674 adapters=411
 compilation: enabled

Compilation events (10 events):
Event: 29.462 Thread 0x00007f53b0160800 3847       3       sun.security.util.DerValue::isConstructed (18 bytes)
Event: 29.463 Thread 0x00007f53b0160800 nmethod 3847 0x00007f539612f090 code [0x00007f539612f240, 0x00007f539612f3f0]
Event: 29.463 Thread 0x00007f53b0160800 3848       3       sun.util.calendar.CalendarDate::setYear (20 bytes)
Event: 29.463 Thread 0x00007f53b0160800 nmethod 3848 0x00007f5396131190 code [0x00007f5396131340, 0x00007f53961314d0]
Event: 29.463 Thread 0x00007f53b0160800 3849       3       sun.util.calendar.CalendarDate::setMonth (20 bytes)
Event: 29.463 Thread 0x00007f53b0160800 nmethod 3849 0x00007f5396130d10 code [0x00007f5396130ec0, 0x00007f5396131050]
Event: 29.463 Thread 0x00007f53b0160800 3838       1       sun.util.calendar.BaseCalendar$Date::getCachedYear (5 bytes)
Event: 29.463 Thread 0x00007f53b0160800 nmethod 3838 0x00007f539d638190 code [0x00007f539d638340, 0x00007f539d638450]
Event: 29.463 Thread 0x00007f53b0160800 3839       1       java.security.Provider$Service::getProvider (5 bytes)
Event: 29.463 Thread 0x00007f53b0160800 nmethod 3839 0x00007f539d637e90 code [0x00007f539d638040, 0x00007f539d638150]

GC Heap History (10 events):
Event: 12.977 GC heap after
{Heap after GC invocations=7 (full 0):
 garbage-first heap   total 387072K, used 15648K [0x0000000083800000, 0x0000000083900bd0, 0x0000000100000000)
  region size 1024K, 3 young (3072K), 3 survivors (3072K)
 Metaspace       used 18550K, capacity 19154K, committed 19328K, reserved 1067008K
  class space    used 2001K, capacity 2142K, committed 2176K, reserved 1048576K
}
Event: 13.480 GC heap before
{Heap before GC invocations=7 (full 0):
 garbage-first heap   total 387072K, used 26912K [0x0000000083800000, 0x0000000083900bd0, 0x0000000100000000)
  region size 1024K, 15 young (15360K), 3 survivors (3072K)
 Metaspace       used 20496K, capacity 21140K, committed 21296K, reserved 1069056K
  class space    used 2213K, capacity 2349K, committed 2432K, reserved 1048576K
}
Event: 13.495 GC heap after
{Heap after GC invocations=8 (full 0):
 garbage-first heap   total 387072K, used 14763K [0x0000000083800000, 0x0000000083900bd0, 0x0000000100000000)
  region size 1024K, 2 young (2048K), 2 survivors (2048K)
 Metaspace       used 20496K, capacity 21140K, committed 21296K, reserved 1069056K
  class space    used 2213K, capacity 2349K, committed 2432K, reserved 1048576K
}
Event: 16.588 GC heap before
{Heap before GC invocations=9 (full 0):
 garbage-first heap   total 387072K, used 47531K [0x0000000083800000, 0x0000000083900bd0, 0x0000000100000000)
  region size 1024K, 34 young (34816K), 2 survivors (2048K)
 Metaspace       used 23093K, capacity 24066K, committed 24192K, reserved 1071104K
  class space    used 2507K, capacity 2679K, committed 2688K, reserved 1048576K
}
Event: 16.633 GC heap after
{Heap after GC invocations=10 (full 0):
 garbage-first heap   total 387072K, used 16727K [0x0000000083800000, 0x0000000083900bd0, 0x0000000100000000)
  region size 1024K, 4 young (4096K), 4 survivors (4096K)
 Metaspace       used 23093K, capacity 24066K, committed 24192K, reserved 1071104K
  class space    used 2507K, capacity 2679K, committed 2688K, reserved 1048576K
}
Event: 25.728 GC heap before
{Heap before GC invocations=10 (full 0):
 garbage-first heap   total 387072K, used 188759K [0x0000000083800000, 0x0000000083900bd0, 0x0000000100000000)
  region size 1024K, 173 young (177152K), 4 survivors (4096K)
 Metaspace       used 34892K, capacity 35866K, committed 35920K, reserved 1081344K
  class space    used 3901K, capacity 4089K, committed 4096K, reserved 1048576K
}
Event: 27.694 GC heap after
{Heap after GC invocations=11 (full 0):
 garbage-first heap   total 387072K, used 31216K [0x0000000083800000, 0x0000000083900bd0, 0x0000000100000000)
  region size 1024K, 18 young (18432K), 18 survivors (18432K)
 Metaspace       used 34892K, capacity 35866K, committed 35920K, reserved 1081344K
  class space    used 3901K, capacity 4089K, committed 4096K, reserved 1048576K
}
Event: 27.711 GC heap before
{Heap before GC invocations=11 (full 0):
 garbage-first heap   total 387072K, used 32240K [0x0000000083800000, 0x0000000083900bd0, 0x0000000100000000)
  region size 1024K, 19 young (19456K), 18 survivors (18432K)
 Metaspace       used 34945K, capacity 35930K, committed 36176K, reserved 1081344K
  class space    used 3910K, capacity 4089K, committed 4096K, reserved 1048576K
}
Event: 28.346 GC heap after
{Heap after GC invocations=12 (full 0):
 garbage-first heap   total 387072K, used 28356K [0x0000000083800000, 0x0000000083900bd0, 0x0000000100000000)
  region size 1024K, 1 young (1024K), 1 survivors (1024K)
 Metaspace       used 34945K, capacity 35930K, committed 36176K, reserved 1081344K
  class space    used 3910K, capacity 4089K, committed 4096K, reserved 1048576K
}
Event: 29.465 GC heap before
{Heap before GC invocations=13 (full 0):
 garbage-first heap   total 387072K, used 45764K [0x0000000083800000, 0x0000000083900bd0, 0x0000000100000000)
  region size 1024K, 18 young (18432K), 1 survivors (1024K)
 Metaspace       used 37230K, capacity 38364K, committed 38476K, reserved 1083392K
  class space    used 4190K, capacity 4400K, committed 4428K, reserved 1048576K
}

Deoptimization events (10 events):
Event: 29.110 Thread 0x00007f53b0017000 Uncommon trap: reason=class_check action=maybe_recompile pc=0x00007f539d6ef7a8 method=java.util.regex.Pattern$CharPredicate.lambda$negate$3(I)Z @ 2 c2
Event: 29.110 Thread 0x00007f53b0017000 Uncommon trap: reason=class_check action=maybe_recompile pc=0x00007f539d6ef7a8 method=java.util.regex.Pattern$CharPredicate.lambda$negate$3(I)Z @ 2 c2
Event: 29.110 Thread 0x00007f53b0017000 Uncommon trap: reason=class_check action=maybe_recompile pc=0x00007f539d6ef7a8 method=java.util.regex.Pattern$CharPredicate.lambda$negate$3(I)Z @ 2 c2
Event: 29.110 Thread 0x00007f53b0017000 Uncommon trap: reason=class_check action=maybe_recompile pc=0x00007f539d6ef7a8 method=java.util.regex.Pattern$CharPredicate.lambda$negate$3(I)Z @ 2 c2
Event: 29.203 Thread 0x00007f53b0017000 Uncommon trap: reason=class_check action=maybe_recompile pc=0x00007f539d75bcb0 method=java.util.TreeMap.put(Ljava/lang/Object;Ljava/lang/Object;)Ljava/lang/Object; @ 127 c2
Event: 29.247 Thread 0x00007f53b0017000 Uncommon trap: reason=class_check action=maybe_recompile pc=0x00007f539d75bcb0 method=java.util.TreeMap.put(Ljava/lang/Object;Ljava/lang/Object;)Ljava/lang/Object; @ 127 c2
Event: 29.247 Thread 0x00007f53b0017000 Uncommon trap: reason=class_check action=maybe_recompile pc=0x00007f539d75bcb0 method=java.util.TreeMap.put(Ljava/lang/Object;Ljava/lang/Object;)Ljava/lang/Object; @ 127 c2
Event: 29.247 Thread 0x00007f53b0017000 Uncommon trap: reason=class_check action=maybe_recompile pc=0x00007f539d75bcb0 method=java.util.TreeMap.put(Ljava/lang/Object;Ljava/lang/Object;)Ljava/lang/Object; @ 127 c2
Event: 29.421 Thread 0x00007f53b0017000 Uncommon trap: reason=class_check action=maybe_recompile pc=0x00007f539d6f7ee8 method=java.nio.charset.Charset.lookup(Ljava/lang/String;)Ljava/nio/charset/Charset; @ 35 c2
Event: 29.421 Thread 0x00007f53b0017000 Uncommon trap: reason=unstable_if action=reinterpret pc=0x00007f539d6084ec method=java.net.URI.match(CJJ)Z @ 45 c2

Classes redefined (0 events):
No events

Internal exceptions (10 events):
Event: 23.865 Thread 0x00007f53b0017000 Exception <a 'java/lang/ClassNotFoundException'{0x000000009198ece0}: com/amazonaws/regions/RegionCustomizer> (0x000000009198ece0) thrown at [/scratch/opt/mach5/mesos/work_dir/slaves/e72b529e-af37-4c00-b29e-141f3b57348c-S1075/frameworks/1735e8a2-a1db-478c-
Event: 23.914 Thread 0x00007f53b0017000 Exception <a 'java/lang/ClassNotFoundException'{0x00000000919c8b38}: java/lang/ObjectCustomizer> (0x00000000919c8b38) thrown at [/scratch/opt/mach5/mesos/work_dir/slaves/e72b529e-af37-4c00-b29e-141f3b57348c-S1075/frameworks/1735e8a2-a1db-478c-8104-60c8b0a
Event: 23.915 Thread 0x00007f53b0017000 Exception <a 'java/lang/ClassNotFoundException'{0x00000000919fb7b0}: com/amazonaws/auth/AWSStaticCredentialsProviderCustomizer> (0x00000000919fb7b0) thrown at [/scratch/opt/mach5/mesos/work_dir/slaves/e72b529e-af37-4c00-b29e-141f3b57348c-S1075/frameworks/
Event: 23.916 Thread 0x00007f53b0017000 Exception <a 'java/lang/ClassNotFoundException'{0x000000009182c880}: com/amazonaws/auth/AWSCredentialsProviderCustomizer> (0x000000009182c880) thrown at [/scratch/opt/mach5/mesos/work_dir/slaves/e72b529e-af37-4c00-b29e-141f3b57348c-S1075/frameworks/1735e8
Event: 28.348 Thread 0x00007f53b0142000 Implicit null exception at 0x00007f539d7a68db to 0x00007f539d7a7909
Event: 28.982 Thread 0x00007f53b0017000 Exception <a 'java/lang/NoSuchMethodError'{0x000000009a5997e0}: method resolution failed> (0x000000009a5997e0) thrown at [/scratch/opt/mach5/mesos/work_dir/slaves/e72b529e-af37-4c00-b29e-141f3b57348c-S1075/frameworks/1735e8a2-a1db-478c-8104-60c8b0af87dd-0
Event: 28.982 Thread 0x00007f53b0017000 Exception <a 'java/lang/NoSuchMethodError'{0x000000009a59d198}: java.lang.invoke.DirectMethodHandle$Holder.invokeStaticInit(Ljava/lang/Object;Ljava/lang/Object;Ljava/lang/Object;Ljava/lang/Object;)I> (0x000000009a59d198) thrown at [/scratch/opt/mach5/meso
Event: 28.983 Thread 0x00007f53b0017000 Exception <a 'java/lang/IncompatibleClassChangeError'{0x000000009a5a6090}: Found class java.lang.Object, but interface was expected> (0x000000009a5a6090) thrown at [/scratch/opt/mach5/mesos/work_dir/slaves/e72b529e-af37-4c00-b29e-141f3b57348c-S1075/framew
Event: 28.984 Thread 0x00007f53b0017000 Exception <a 'java/lang/NoSuchMethodError'{0x000000009a5a9328}: java.lang.invoke.DirectMethodHandle$Holder.invokeStaticInit(Ljava/lang/Object;Ljava/lang/Object;)V> (0x000000009a5a9328) thrown at [/scratch/opt/mach5/mesos/work_dir/slaves/e72b529e-af37-4c00
Event: 29.000 Thread 0x00007f53b0017000 Exception <a 'java/lang/NoSuchMethodError'{0x000000009a5ae998}: java.lang.invoke.DirectMethodHandle$Holder.invokeStaticInit(Ljava/lang/Object;Ljava/lang/Object;)I> (0x000000009a5ae998) thrown at [/scratch/opt/mach5/mesos/work_dir/slaves/e72b529e-af37-4c00

Events (10 events):
Event: 29.455 loading class sun/security/x509/CertificatePolicyMap done
Event: 29.456 loading class sun/security/x509/PrivateKeyUsageExtension
Event: 29.456 loading class sun/security/x509/PrivateKeyUsageExtension done
Event: 29.456 loading class java/security/cert/CertificateException
Event: 29.457 loading class java/security/cert/CertificateException done
Event: 29.460 loading class sun/security/x509/AuthorityInfoAccessExtension
Event: 29.460 loading class sun/security/x509/AuthorityInfoAccessExtension done
Event: 29.461 loading class sun/security/x509/AccessDescription
Event: 29.461 loading class sun/security/x509/AccessDescription done
Event: 29.465 Executing VM operation: G1IncCollectionPause


Dynamic libraries:
00400000-00401000 r-xp 00000000 08:01 412060                             /usr/lib/jvm/java-9-oracle/bin/java
00600000-00601000 rw-p 00000000 08:01 412060                             /usr/lib/jvm/java-9-oracle/bin/java
009bc000-009dd000 rw-p 00000000 00:00 0                                  [heap]
83800000-9b200000 rw-p 00000000 00:00 0 
c3800000-100000000 ---p 00000000 00:00 0 
100000000-100453000 rw-p 00000000 00:00 0 
100453000-140000000 ---p 00000000 00:00 0 
7f5352aa8000-7f5352be8000 rw-p 00000000 00:00 0 
7f5352be8000-7f5352ca8000 ---p 00000000 00:00 0 
7f5352ca8000-7f5352ce5000 r-xp 00000000 08:01 539365                     /usr/lib/jvm/java-9-oracle/lib/libsunec.so
7f5352ce5000-7f5352ee5000 ---p 0003d000 08:01 539365                     /usr/lib/jvm/java-9-oracle/lib/libsunec.so
7f5352ee5000-7f5352eec000 rw-p 0003d000 08:01 539365                     /usr/lib/jvm/java-9-oracle/lib/libsunec.so
7f5352eec000-7f53530fd000 rw-p 00000000 00:00 0 
7f53530fd000-7f5353101000 ---p 00000000 00:00 0 
7f5353101000-7f53531fe000 rw-p 00000000 00:00 0 
7f53531fe000-7f5353202000 ---p 00000000 00:00 0 
7f5353202000-7f53534ff000 rw-p 00000000 00:00 0 
7f53534ff000-7f53536ff000 rw-p 00000000 00:00 0 
7f53536ff000-7f53538ff000 rw-p 00000000 00:00 0 
7f53538ff000-7f5353aff000 rw-p 00000000 00:00 0 
7f5353aff000-7f5353cff000 rw-p 00000000 00:00 0 
7f5353cff000-7f5353d03000 ---p 00000000 00:00 0 
7f5353d03000-7f5354000000 rw-p 00000000 00:00 0 
7f5354000000-7f53546f6000 rw-p 00000000 00:00 0 
7f53546f6000-7f5358000000 ---p 00000000 00:00 0 
7f5358000000-7f5358021000 rw-p 00000000 00:00 0 
7f5358021000-7f535c000000 ---p 00000000 00:00 0 
7f535c000000-7f535c024000 rw-p 00000000 00:00 0 
7f535c024000-7f5360000000 ---p 00000000 00:00 0 
7f5360000000-7f53620df000 rw-p 00000000 00:00 0 
7f53620df000-7f5364000000 ---p 00000000 00:00 0 
7f5364000000-7f5364384000 rw-p 00000000 00:00 0 
7f5364384000-7f5368000000 ---p 00000000 00:00 0 
7f5368000000-7f5368021000 rw-p 00000000 00:00 0 
7f5368021000-7f536c000000 ---p 00000000 00:00 0 
7f536c000000-7f536c453000 rw-p 00000000 00:00 0 
7f536c453000-7f5370000000 ---p 00000000 00:00 0 
7f5370000000-7f5370021000 rw-p 00000000 00:00 0 
7f5370021000-7f5374000000 ---p 00000000 00:00 0 
7f53740ed000-7f53742ed000 rw-p 00000000 00:00 0 
7f53742ed000-7f53744ed000 rw-p 00000000 00:00 0 
7f53744ed000-7f53744f1000 ---p 00000000 00:00 0 
7f53744f1000-7f53747ee000 rw-p 00000000 00:00 0 
7f53747ee000-7f53747f3000 r-xp 00000000 08:01 540438                     /usr/lib/jvm/java-9-oracle/lib/libmanagement_ext.so
7f53747f3000-7f53749f2000 ---p 00005000 08:01 540438                     /usr/lib/jvm/java-9-oracle/lib/libmanagement_ext.so
7f53749f2000-7f53749f3000 rw-p 00004000 08:01 540438                     /usr/lib/jvm/java-9-oracle/lib/libmanagement_ext.so
7f53749f3000-7f53749f7000 r-xp 00000000 08:01 540439                     /usr/lib/jvm/java-9-oracle/lib/libmanagement.so
7f53749f7000-7f5374bf6000 ---p 00004000 08:01 540439                     /usr/lib/jvm/java-9-oracle/lib/libmanagement.so
7f5374bf6000-7f5374bf7000 rw-p 00003000 08:01 540439                     /usr/lib/jvm/java-9-oracle/lib/libmanagement.so
7f5374bf7000-7f5374df7000 rw-p 00000000 00:00 0 
7f5374df7000-7f5374ff7000 rw-p 00000000 00:00 0 
7f5374ff7000-7f5374ff8000 ---p 00000000 00:00 0 
7f5374ff8000-7f53750f8000 rw-p 00000000 00:00 0 
7f53750f8000-7f53750fc000 ---p 00000000 00:00 0 
7f53750fc000-7f53751f9000 rw-p 00000000 00:00 0 
7f53751f9000-7f53751fd000 ---p 00000000 00:00 0 
7f53751fd000-7f53752fa000 rw-p 00000000 00:00 0 
7f53752fa000-7f5375310000 r-xp 00000000 08:01 539775                     /usr/lib/jvm/java-9-oracle/lib/libnet.so
7f5375310000-7f5375510000 ---p 00016000 08:01 539775                     /usr/lib/jvm/java-9-oracle/lib/libnet.so
7f5375510000-7f5375511000 rw-p 00016000 08:01 539775                     /usr/lib/jvm/java-9-oracle/lib/libnet.so
7f5375511000-7f5375521000 r-xp 00000000 08:01 539714                     /usr/lib/jvm/java-9-oracle/lib/libnio.so
7f5375521000-7f5375721000 ---p 00010000 08:01 539714                     /usr/lib/jvm/java-9-oracle/lib/libnio.so
7f5375721000-7f5375722000 rw-p 00010000 08:01 539714                     /usr/lib/jvm/java-9-oracle/lib/libnio.so
7f5375722000-7f5375726000 ---p 00000000 00:00 0 
7f5375726000-7f5375823000 rw-p 00000000 00:00 0 
7f5375823000-7f5375827000 ---p 00000000 00:00 0 
7f5375827000-7f5375924000 rw-p 00000000 00:00 0 
7f5375924000-7f5375928000 ---p 00000000 00:00 0 
7f5375928000-7f5375a25000 rw-p 00000000 00:00 0 
7f5375a25000-7f5375a29000 ---p 00000000 00:00 0 
7f5375a29000-7f5375b26000 rw-p 00000000 00:00 0 
7f5375b26000-7f5375dfe000 r--p 00000000 08:01 133070                     /usr/lib/locale/locale-archive
7f5375dfe000-7f5375e02000 ---p 00000000 00:00 0 
7f5375e02000-7f5375eff000 rw-p 00000000 00:00 0 
7f5375eff000-7f5375f03000 ---p 00000000 00:00 0 
7f5375f03000-7f5376000000 rw-p 00000000 00:00 0 
7f5376000000-7f5378000000 rwxp 00000000 00:00 0 
7f5378000000-7f5378021000 rw-p 00000000 00:00 0 
7f5378021000-7f537c000000 ---p 00000000 00:00 0 
7f537c0bf000-7f537c0c0000 ---p 00000000 00:00 0 
7f537c0c0000-7f537c7a8000 rw-p 00000000 00:00 0 
7f537c7a8000-7f537e0e0000 ---p 00000000 00:00 0 
7f537e0e0000-7f537e6c8000 rw-p 00000000 00:00 0 
7f537e6c8000-7f5380000000 ---p 00000000 00:00 0 
7f5380000000-7f5380021000 rw-p 00000000 00:00 0 
7f5380021000-7f5384000000 ---p 00000000 00:00 0 
7f5384000000-7f5384021000 rw-p 00000000 00:00 0 
7f5384021000-7f5388000000 ---p 00000000 00:00 0 
7f5388000000-7f538803a000 rw-p 00000000 00:00 0 
7f538803a000-7f538c000000 ---p 00000000 00:00 0 
7f538c000000-7f538c021000 rw-p 00000000 00:00 0 
7f538c021000-7f5390000000 ---p 00000000 00:00 0 
7f5390000000-7f539003e000 rw-p 00000000 00:00 0 
7f539003e000-7f5394000000 ---p 00000000 00:00 0 
7f5394081000-7f53949ab000 rw-p 00000000 00:00 0 
7f53949ab000-7f5394c6a000 rw-p 00000000 00:00 0 
7f5394c6a000-7f5394f91000 ---p 00000000 00:00 0 
7f5394f91000-7f539504e000 rw-p 00000000 00:00 0 
7f539504e000-7f5395759000 ---p 00000000 00:00 0 
7f5395759000-7f5395816000 rw-p 00000000 00:00 0 
7f5395816000-7f5395b3d000 ---p 00000000 00:00 0 
7f5395b3d000-7f5395dad000 rwxp 00000000 00:00 0 
7f5395dad000-7f53960cc000 ---p 00000000 00:00 0 
7f53960cc000-7f539698c000 rwxp 00000000 00:00 0 
7f539698c000-7f539d604000 ---p 00000000 00:00 0 
7f539d604000-7f539d874000 rwxp 00000000 00:00 0 
7f539d874000-7f53a4b3d000 ---p 00000000 00:00 0 
7f53a4b3d000-7f53b0000000 r--s 00000000 08:01 531361                     /usr/lib/jvm/java-9-oracle/lib/modules
7f53b0000000-7f53b0f76000 rw-p 00000000 00:00 0 
7f53b0f76000-7f53b4000000 ---p 00000000 00:00 0 
7f53b400e000-7f53b400f000 ---p 00000000 00:00 0 
7f53b400f000-7f53b410f000 rw-p 00000000 00:00 0 
7f53b410f000-7f53b4110000 ---p 00000000 00:00 0 
7f53b4110000-7f53b4210000 rw-p 00000000 00:00 0 
7f53b4210000-7f53b4211000 ---p 00000000 00:00 0 
7f53b4211000-7f53b4311000 rw-p 00000000 00:00 0 
7f53b4311000-7f53b4312000 ---p 00000000 00:00 0 
7f53b4312000-7f53b4412000 rw-p 00000000 00:00 0 
7f53b4412000-7f53b4413000 ---p 00000000 00:00 0 
7f53b4413000-7f53b4715000 rw-p 00000000 00:00 0 
7f53b4715000-7f53b4716000 ---p 00000000 00:00 0 
7f53b4716000-7f53b4816000 rw-p 00000000 00:00 0 
7f53b4816000-7f53b4817000 ---p 00000000 00:00 0 
7f53b4817000-7f53b491c000 rw-p 00000000 00:00 0 
7f53b491c000-7f53b4a02000 ---p 00000000 00:00 0 
7f53b4a02000-7f53b4a14000 rw-p 00000000 00:00 0 
7f53b4a14000-7f53b4aed000 ---p 00000000 00:00 0 
7f53b4aed000-7f53b4b07000 r-xp 00000000 08:01 539777                     /usr/lib/jvm/java-9-oracle/lib/libjimage.so
7f53b4b07000-7f53b4d06000 ---p 0001a000 08:01 539777                     /usr/lib/jvm/java-9-oracle/lib/libjimage.so
7f53b4d06000-7f53b4d08000 rw-p 00019000 08:01 539777                     /usr/lib/jvm/java-9-oracle/lib/libjimage.so
7f53b4d08000-7f53b4d1a000 rw-p 00000000 00:00 0 
7f53b4d1a000-7f53b4d21000 r-xp 00000000 08:01 540473                     /usr/lib/jvm/java-9-oracle/lib/libzip.so
7f53b4d21000-7f53b4f20000 ---p 00007000 08:01 540473                     /usr/lib/jvm/java-9-oracle/lib/libzip.so
7f53b4f20000-7f53b4f21000 rw-p 00006000 08:01 540473                     /usr/lib/jvm/java-9-oracle/lib/libzip.so
7f53b4f21000-7f53b4f2c000 r-xp 00000000 08:01 936900                     /lib/x86_64-linux-gnu/libnss_files-2.23.so
7f53b4f2c000-7f53b512b000 ---p 0000b000 08:01 936900                     /lib/x86_64-linux-gnu/libnss_files-2.23.so
7f53b512b000-7f53b512c000 r--p 0000a000 08:01 936900                     /lib/x86_64-linux-gnu/libnss_files-2.23.so
7f53b512c000-7f53b512d000 rw-p 0000b000 08:01 936900                     /lib/x86_64-linux-gnu/libnss_files-2.23.so
7f53b512d000-7f53b5133000 rw-p 00000000 00:00 0 
7f53b5133000-7f53b513e000 r-xp 00000000 08:01 936905                     /lib/x86_64-linux-gnu/libnss_nis-2.23.so
7f53b513e000-7f53b533d000 ---p 0000b000 08:01 936905                     /lib/x86_64-linux-gnu/libnss_nis-2.23.so
7f53b533d000-7f53b533e000 r--p 0000a000 08:01 936905                     /lib/x86_64-linux-gnu/libnss_nis-2.23.so
7f53b533e000-7f53b533f000 rw-p 0000b000 08:01 936905                     /lib/x86_64-linux-gnu/libnss_nis-2.23.so
7f53b533f000-7f53b5355000 r-xp 00000000 08:01 936880                     /lib/x86_64-linux-gnu/libnsl-2.23.so
7f53b5355000-7f53b5554000 ---p 00016000 08:01 936880                     /lib/x86_64-linux-gnu/libnsl-2.23.so
7f53b5554000-7f53b5555000 r--p 00015000 08:01 936880                     /lib/x86_64-linux-gnu/libnsl-2.23.so
7f53b5555000-7f53b5556000 rw-p 00016000 08:01 936880                     /lib/x86_64-linux-gnu/libnsl-2.23.so
7f53b5556000-7f53b5558000 rw-p 00000000 00:00 0 
7f53b5558000-7f53b5560000 r-xp 00000000 08:01 936895                     /lib/x86_64-linux-gnu/libnss_compat-2.23.so
7f53b5560000-7f53b575f000 ---p 00008000 08:01 936895                     /lib/x86_64-linux-gnu/libnss_compat-2.23.so
7f53b575f000-7f53b5760000 r--p 00007000 08:01 936895                     /lib/x86_64-linux-gnu/libnss_compat-2.23.so
7f53b5760000-7f53b5761000 rw-p 00008000 08:01 936895                     /lib/x86_64-linux-gnu/libnss_compat-2.23.so
7f53b5761000-7f53b578c000 r-xp 00000000 08:01 539029                     /usr/lib/jvm/java-9-oracle/lib/libjava.so
7f53b578c000-7f53b598b000 ---p 0002b000 08:01 539029                     /usr/lib/jvm/java-9-oracle/lib/libjava.so
7f53b598b000-7f53b598d000 rw-p 0002a000 08:01 539029                     /usr/lib/jvm/java-9-oracle/lib/libjava.so
7f53b598d000-7f53b599a000 r-xp 00000000 08:01 531375                     /usr/lib/jvm/java-9-oracle/lib/libverify.so
7f53b599a000-7f53b5b99000 ---p 0000d000 08:01 531375                     /usr/lib/jvm/java-9-oracle/lib/libverify.so
7f53b5b99000-7f53b5b9b000 rw-p 0000c000 08:01 531375                     /usr/lib/jvm/java-9-oracle/lib/libverify.so
7f53b5b9b000-7f53b5ba2000 r-xp 00000000 08:01 936906                     /lib/x86_64-linux-gnu/librt-2.23.so
7f53b5ba2000-7f53b5da1000 ---p 00007000 08:01 936906                     /lib/x86_64-linux-gnu/librt-2.23.so
7f53b5da1000-7f53b5da2000 r--p 00006000 08:01 936906                     /lib/x86_64-linux-gnu/librt-2.23.so
7f53b5da2000-7f53b5da3000 rw-p 00007000 08:01 936906                     /lib/x86_64-linux-gnu/librt-2.23.so
7f53b5da3000-7f53b5eab000 r-xp 00000000 08:01 936859                     /lib/x86_64-linux-gnu/libm-2.23.so
7f53b5eab000-7f53b60aa000 ---p 00108000 08:01 936859                     /lib/x86_64-linux-gnu/libm-2.23.so
7f53b60aa000-7f53b60ab000 r--p 00107000 08:01 936859                     /lib/x86_64-linux-gnu/libm-2.23.so
7f53b60ab000-7f53b60ac000 rw-p 00108000 08:01 936859                     /lib/x86_64-linux-gnu/libm-2.23.so
7f53b60ac000-7f53b70c0000 r-xp 00000000 08:01 540468                     /usr/lib/jvm/java-9-oracle/lib/server/libjvm.so
7f53b70c0000-7f53b72c0000 ---p 01014000 08:01 540468                     /usr/lib/jvm/java-9-oracle/lib/server/libjvm.so
7f53b72c0000-7f53b7391000 r--p 01014000 08:01 540468                     /usr/lib/jvm/java-9-oracle/lib/server/libjvm.so
7f53b7391000-7f53b73c8000 rw-p 010e5000 08:01 540468                     /usr/lib/jvm/java-9-oracle/lib/server/libjvm.so
7f53b73c8000-7f53b7431000 rw-p 00000000 00:00 0 
7f53b7431000-7f53b75f1000 r-xp 00000000 08:01 936887                     /lib/x86_64-linux-gnu/libc-2.23.so
7f53b75f1000-7f53b77f1000 ---p 001c0000 08:01 936887                     /lib/x86_64-linux-gnu/libc-2.23.so
7f53b77f1000-7f53b77f5000 r--p 001c0000 08:01 936887                     /lib/x86_64-linux-gnu/libc-2.23.so
7f53b77f5000-7f53b77f7000 rw-p 001c4000 08:01 936887                     /lib/x86_64-linux-gnu/libc-2.23.so
7f53b77f7000-7f53b77fb000 rw-p 00000000 00:00 0 
7f53b77fb000-7f53b77fe000 r-xp 00000000 08:01 936889                     /lib/x86_64-linux-gnu/libdl-2.23.so
7f53b77fe000-7f53b79fd000 ---p 00003000 08:01 936889                     /lib/x86_64-linux-gnu/libdl-2.23.so
7f53b79fd000-7f53b79fe000 r--p 00002000 08:01 936889                     /lib/x86_64-linux-gnu/libdl-2.23.so
7f53b79fe000-7f53b79ff000 rw-p 00003000 08:01 936889                     /lib/x86_64-linux-gnu/libdl-2.23.so
7f53b79ff000-7f53b7a0d000 r-xp 00000000 08:01 530989                     /usr/lib/jvm/java-9-oracle/lib/jli/libjli.so
7f53b7a0d000-7f53b7c0d000 ---p 0000e000 08:01 530989                     /usr/lib/jvm/java-9-oracle/lib/jli/libjli.so
7f53b7c0d000-7f53b7c0e000 rw-p 0000e000 08:01 530989                     /usr/lib/jvm/java-9-oracle/lib/jli/libjli.so
7f53b7c0e000-7f53b7c26000 r-xp 00000000 08:01 936886                     /lib/x86_64-linux-gnu/libpthread-2.23.so
7f53b7c26000-7f53b7e25000 ---p 00018000 08:01 936886                     /lib/x86_64-linux-gnu/libpthread-2.23.so
7f53b7e25000-7f53b7e26000 r--p 00017000 08:01 936886                     /lib/x86_64-linux-gnu/libpthread-2.23.so
7f53b7e26000-7f53b7e27000 rw-p 00018000 08:01 936886                     /lib/x86_64-linux-gnu/libpthread-2.23.so
7f53b7e27000-7f53b7e2b000 rw-p 00000000 00:00 0 
7f53b7e2b000-7f53b7e44000 r-xp 00000000 08:01 917603                     /lib/x86_64-linux-gnu/libz.so.1.2.8
7f53b7e44000-7f53b8043000 ---p 00019000 08:01 917603                     /lib/x86_64-linux-gnu/libz.so.1.2.8
7f53b8043000-7f53b8044000 r--p 00018000 08:01 917603                     /lib/x86_64-linux-gnu/libz.so.1.2.8
7f53b8044000-7f53b8045000 rw-p 00019000 08:01 917603                     /lib/x86_64-linux-gnu/libz.so.1.2.8
7f53b8045000-7f53b806b000 r-xp 00000000 08:01 936881                     /lib/x86_64-linux-gnu/ld-2.23.so
7f53b808c000-7f53b814c000 rw-p 00000000 00:00 0 
7f53b814c000-7f53b8151000 ---p 00000000 00:00 0 
7f53b8151000-7f53b8252000 rw-p 00000000 00:00 0 
7f53b8253000-7f53b8259000 rw-p 00000000 00:00 0 
7f53b8259000-7f53b8260000 ---p 00000000 00:00 0 
7f53b8260000-7f53b8268000 rw-s 00000000 08:01 319                        /tmp/hsperfdata_support/30433
7f53b8268000-7f53b8269000 rw-p 00000000 00:00 0 
7f53b8269000-7f53b826a000 ---p 00000000 00:00 0 
7f53b826a000-7f53b826b000 r--p 00025000 08:01 936881                     /lib/x86_64-linux-gnu/ld-2.23.so
7f53b826b000-7f53b826c000 rw-p 00026000 08:01 936881                     /lib/x86_64-linux-gnu/ld-2.23.so
7f53b826c000-7f53b826d000 rw-p 00000000 00:00 0 
7fffcd83c000-7fffcd862000 rw-p 00000000 00:00 0                          [stack]
7fffcd86b000-7fffcd86e000 r--p 00000000 00:00 0                          [vvar]
7fffcd86e000-7fffcd870000 r-xp 00000000 00:00 0                          [vdso]
ffffffffff600000-ffffffffff601000 r-xp 00000000 00:00 0                  [vsyscall]

VM Arguments:
jvm_args: -Dfile.encoding=UTF-8 
java_command: com.vflux.rbot.RecruiterbotApplication
java_class_path (initial): /home/support/workspace/recruiterbot/target/classes:/home/support/.m2/repository/org/springframework/boot/spring-boot-starter-web/1.5.10.RELEASE/spring-boot-starter-web-1.5.10.RELEASE.jar:/home/support/.m2/repository/org/springframework/boot/spring-boot-starter/1.5.10.RELEASE/spring-boot-starter-1.5.10.RELEASE.jar:/home/support/.m2/repository/org/springframework/boot/spring-boot/1.5.10.RELEASE/spring-boot-1.5.10.RELEASE.jar:/home/support/.m2/repository/org/springframework/boot/spring-boot-autoconfigure/1.5.10.RELEASE/spring-boot-autoconfigure-1.5.10.RELEASE.jar:/home/support/.m2/repository/org/springframework/boot/spring-boot-starter-logging/1.5.10.RELEASE/spring-boot-starter-logging-1.5.10.RELEASE.jar:/home/support/.m2/repository/ch/qos/logback/logback-classic/1.1.11/logback-classic-1.1.11.jar:/home/support/.m2/repository/ch/qos/logback/logback-core/1.1.11/logback-core-1.1.11.jar:/home/support/.m2/repository/org/slf4j/jcl-over-slf4j/1.7.25/jcl-over-slf4j-1.7.25.jar:/home/support/.m2/repository/org/slf4j/jul-to-slf4j/1.7.25/jul-to-slf4j-1.7.25.jar:/home/support/.m2/repository/org/slf4j/log4j-over-slf4j/1.7.25/log4j-over-slf4j-1.7.25.jar:/home/support/.m2/repository/org/yaml/snakeyaml/1.17/snakeyaml-1.17.jar:/home/support/.m2/repository/org/springframework/boot/spring-boot-starter-tomcat/1.5.10.RELEASE/spring-boot-starter-tomcat-1.5.10.RELEASE.jar:/home/support/.m2/repository/org/apache/tomcat/embed/tomcat-embed-core/8.5.27/tomcat-embed-core-8.5.27.jar:/home/support/.m2/repository/org/apache/tomcat/tomcat-annotations-api/8.5.27/tomcat-annotations-api-8.5.27.jar:/home/support/.m2/repository/org/apache/tomcat/embed/tomcat-embed-el/8.5.27/tomcat-embed-el-8.5.27.jar:/home/support/.m2/repository/org/apache/tomcat/embed/tomcat-embed-websocket/8.5.27/tomcat-embed-websocket-8.5.27.jar:/home/support/.m2/repository/org/hibernate/hibernate-validator/5.3.6.Final/hibernate-validator-5.3.6.Final.jar:/home/support/.m2/repository/javax/validation/validat
Launcher Type: SUN_STANDARD

Logging:
Log output configuration:
#0: stdout all=warning uptime,level,tags
#1: stderr all=off uptime,level,tags

Environment Variables:
JAVA_HOME=/usr/lib/jvm/java-8-oracle
PATH=/home/support/softwares/google-cloud-sdk/bin:/home/support/bin:/home/support/.local/bin:/usr/local/sbin:/usr/local/bin:/usr/sbin:/usr/bin:/sbin:/bin:/usr/games:/usr/local/games:/snap/bin:/usr/lib/jvm/java-8-oracle/bin:/usr/lib/jvm/java-8-oracle/db/bin:/usr/lib/jvm/java-8-oracle/jre/bin:/usr/local/go/bin:/home/support/hyperledger/bin:/home/support/softwares/appengine-java-sdk-1.9.60/bin/
SHELL=/bin/bash
DISPLAY=:0

Signal Handlers:
SIGSEGV: [libjvm.so+0xd4ce90], sa_mask[0]=11111111011111111101111111111110, sa_flags=SA_RESTART|SA_SIGINFO
SIGBUS: [libjvm.so+0xd4ce90], sa_mask[0]=11111111011111111101111111111110, sa_flags=SA_RESTART|SA_SIGINFO
SIGFPE: [libjvm.so+0xd4ce90], sa_mask[0]=11111111011111111101111111111110, sa_flags=SA_RESTART|SA_SIGINFO
SIGPIPE: [libjvm.so+0xb64460], sa_mask[0]=11111111011111111101111111111110, sa_flags=SA_RESTART|SA_SIGINFO
SIGXFSZ: [libjvm.so+0xb64460], sa_mask[0]=11111111011111111101111111111110, sa_flags=SA_RESTART|SA_SIGINFO
SIGILL: [libjvm.so+0xd4ce90], sa_mask[0]=11111111011111111101111111111110, sa_flags=SA_RESTART|SA_SIGINFO
SIGUSR2: [libjvm.so+0xb64320], sa_mask[0]=00100000000000000000000000000000, sa_flags=SA_RESTART|SA_SIGINFO
SIGHUP: [libjvm.so+0xb64530], sa_mask[0]=11111111011111111101111111111110, sa_flags=SA_RESTART|SA_SIGINFO
SIGINT: [libjvm.so+0xb64530], sa_mask[0]=11111111011111111101111111111110, sa_flags=SA_RESTART|SA_SIGINFO
SIGTERM: [libjvm.so+0xb64530], sa_mask[0]=11111111011111111101111111111110, sa_flags=SA_RESTART|SA_SIGINFO
SIGQUIT: [libjvm.so+0xb64530], sa_mask[0]=11111111011111111101111111111110, sa_flags=SA_RESTART|SA_SIGINFO


---------------  S Y S T E M  ---------------

OS:DISTRIB_ID=Ubuntu
DISTRIB_RELEASE=16.04
DISTRIB_CODENAME=xenial
DISTRIB_DESCRIPTION="Ubuntu 16.04.1 LTS"
uname:Linux 4.4.0-112-generic #135-Ubuntu SMP Fri Jan 19 11:48:36 UTC 2018 x86_64
libc:glibc 2.23 NPTL 2.23 
rlimit: STACK 8192k, CORE 0k, NPROC 31709, NOFILE 1048576, AS infinity
load average:3.12 1.44 1.13

/proc/meminfo:
MemTotal:        8156932 kB
MemFree:          154424 kB
MemAvailable:     310144 kB
Buffers:           27032 kB
Cached:           431948 kB
SwapCached:        57712 kB
Active:          4516048 kB
Inactive:        1608980 kB
Active(anon):    4346088 kB
Inactive(anon):  1450632 kB
Active(file):     169960 kB
Inactive(file):   158348 kB
Unevictable:        2016 kB
Mlocked:            2016 kB
SwapTotal:       1046524 kB
SwapFree:              0 kB
Dirty:               284 kB
Writeback:             0 kB
AnonPages:       5610316 kB
Mapped:           230872 kB
Shmem:            130816 kB
Slab:             247620 kB
SReclaimable:      97688 kB
SUnreclaim:       149932 kB
KernelStack:       25744 kB
PageTables:        79832 kB
NFS_Unstable:          0 kB
Bounce:                0 kB
WritebackTmp:          0 kB
CommitLimit:     5124988 kB
Committed_AS:   15717416 kB
VmallocTotal:   34359738367 kB
VmallocUsed:           0 kB
VmallocChunk:          0 kB
HardwareCorrupted:     0 kB
AnonHugePages:   1447936 kB
CmaTotal:              0 kB
CmaFree:               0 kB
HugePages_Total:       0
HugePages_Free:        0
HugePages_Rsvd:        0
HugePages_Surp:        0
Hugepagesize:       2048 kB
DirectMap4k:     3168064 kB
DirectMap2M:     5220352 kB
DirectMap1G:     2097152 kB


CPU:total 2 (initial active 2) (1 cores per cpu, 1 threads per core) family 6 model 94 stepping 3, cmov, cx8, fxsr, mmx, sse, sse2, sse3, ssse3, sse4.1, sse4.2, popcnt, avx, avx2, aes, clmul, erms, rtm, 3dnowpref, lzcnt, tsc, tscinvbit, bmi1, bmi2, adx, fma
CPU Model and flags from /proc/cpuinfo:
model name	: Intel(R) Core(TM) i5-6300HQ CPU @ 2.30GHz
flags		: fpu vme de pse tsc msr pae mce cx8 apic sep mtrr pge mca cmov pat pse36 clflush mmx fxsr sse sse2 ss syscall nx pdpe1gb rdtscp lm constant_tsc arch_perfmon nopl xtopology tsc_reliable nonstop_tsc eagerfpu pni pclmulqdq vmx ssse3 fma cx16 pcid sse4_1 sse4_2 x2apic movbe popcnt tsc_deadline_timer aes xsave avx f16c rdrand hypervisor lahf_lm abm 3dnowprefetch invpcid_single kaiser tpr_shadow vnmi ept vpid fsgsbase tsc_adjust bmi1 hle avx2 smep bmi2 invpcid rtm mpx rdseed adx smap clflushopt xsaveopt xsavec arat

Memory: 4k page, physical 8156932k(154424k free), swap 1046524k(0k free)

vm_info: Java HotSpot(TM) 64-Bit Server VM (9.0.1+11) for linux-amd64 JRE (9.0.1+11), built on Sep 27 2017 20:48:27 by "mach5one" with gcc 4.9.2

END.
